<?xml version="1.0" encoding="UTF-8"?>
<robot generator="Robot 3.2.2 (Python 3.7.9 on win32)" generated="20210123 23:26:33.392" rpa="false">
<suite id="s1" name="Arvato API Project" source="C:\Users\priya\eclipse-workspace\Arvato_API_Project">
<suite id="s1-s1" name="API TestSuit" source="C:\Users\priya\eclipse-workspace\Arvato_API_Project\API TestSuit.robot">
<test id="s1-s1-t1" name="Scenario1:Verify the response code as 200 and data in output json">
<kw name="Hit fixed api" library="API_Resource">
<arguments>
<arg>${to_currency}</arg>
</arguments>
<assign>
<var>${response_fixer}</var>
</assign>
<kw name="Create Session" library="RequestsLibrary">
<doc>Create Session: create a HTTP session to a server</doc>
<arguments>
<arg>exchange_rate_api</arg>
<arg>http://data.fixer.io</arg>
</arguments>
<msg timestamp="20210123 23:26:34.848" level="INFO">Creating Session using : alias=exchange_rate_api, url=http://data.fixer.io, headers={},                     cookies={}, auth=None, timeout=None, proxies=None, verify=False,                     debug=0 </msg>
<status status="PASS" starttime="20210123 23:26:34.847" endtime="20210123 23:26:34.850"></status>
</kw>
<kw name="Create Dictionary" library="BuiltIn">
<doc>Creates and returns a dictionary based on the given ``items``.</doc>
<arguments>
<arg>symbols=NOK</arg>
<arg>access_key=b9603b91873ab4a1083da7423b8b0c0f</arg>
</arguments>
<assign>
<var>${query_param}</var>
</assign>
<msg timestamp="20210123 23:26:34.852" level="INFO">${query_param} = {'symbols': 'NOK', 'access_key': 'b9603b91873ab4a1083da7423b8b0c0f'}</msg>
<status status="PASS" starttime="20210123 23:26:34.851" endtime="20210123 23:26:34.852"></status>
</kw>
<kw name="Get Request" library="RequestsLibrary">
<doc>*DEPRECATED* Please use `GET On Session` instead.</doc>
<arguments>
<arg>exchange_rate_api</arg>
<arg>/api/latest?symbols=${to_currency}&amp;access_key=b9603b91873ab4a1083da7423b8b0c0f</arg>
</arguments>
<assign>
<var>${response}</var>
</assign>
<msg timestamp="20210123 23:26:34.853" level="WARN">Keyword 'RequestsLibrary.Get Request' is deprecated. Please use `GET On Session` instead.</msg>
<msg timestamp="20210123 23:26:35.090" level="INFO">GET Request : url=http://data.fixer.io/api/latest?symbols=INR&amp;access_key=b9603b91873ab4a1083da7423b8b0c0f 
 path_url=/api/latest?symbols=INR&amp;access_key=b9603b91873ab4a1083da7423b8b0c0f 
 headers={'User-Agent': 'python-requests/2.25.1', 'Accept-Encoding': 'gzip, deflate', 'Accept': '*/*', 'Connection': 'keep-alive'} 
 body=None 
 </msg>
<msg timestamp="20210123 23:26:35.090" level="INFO">GET Response : url=http://data.fixer.io/api/latest?symbols=INR&amp;access_key=b9603b91873ab4a1083da7423b8b0c0f 
 status=200, reason=OK 
 headers={'Date': 'Sat, 23 Jan 2021 22:26:35 GMT', 'Content-Type': 'application/json; Charset=UTF-8', 'Transfer-Encoding': 'chunked', 'Connection': 'keep-alive', 'Set-Cookie': '__cfduid=dd12221a64957aa4aca0ca91b8ec091691611440794; expires=Mon, 22-Feb-21 22:26:34 GMT; path=/; domain=.fixer.io; HttpOnly; SameSite=Lax', 'x-apilayer-transaction-id': '8eb27f8b-b8ef-4ffd-92c1-a8b439c6c883', 'access-control-allow-methods': 'GET, HEAD, POST, PUT, PATCH, DELETE, OPTIONS', 'last-modified': 'Sat, 23 Jan 2021 22:08:06 GMT', 'access-control-allow-origin': '*', 'x-request-time': '0.017', 'CF-Cache-Status': 'DYNAMIC', 'cf-request-id': '07d2f445340000dab4f031f000000001', 'Report-To': '{"group":"cf-nel","max_age":604800,"endpoints":[{"url":"https:\\/\\/a.nel.cloudflare.com\\/report?s=J5LzJYSY2%2BT1zBjryGLBzb75qZnKAqd6Q9MdRlkhYgqe7HqbVPISCzSUoxQo0ffDShxQwxk7OLu638ljV%2BtFKjfAOerLhl71Y1hw31oZ"}]}', 'NEL': '{"max_age":604800,"report_to":"cf-nel"}', 'Server': 'cloudflare', 'CF-RAY': '6164efe85f11dab4-ARN', 'Content-Encoding': 'gzip'} 
 body={"success":true,"timestamp":1611439686,"base":"EUR","date":"2021-01-23","rates":{"INR":88.873123}} 
 </msg>
<msg timestamp="20210123 23:26:35.091" level="INFO">${response} = &lt;Response [200]&gt;</msg>
<status status="PASS" starttime="20210123 23:26:34.853" endtime="20210123 23:26:35.092"></status>
</kw>
<kw name="Log To Console" library="BuiltIn">
<doc>Logs the given message to the console.</doc>
<arguments>
<arg>${response.content}</arg>
</arguments>
<status status="PASS" starttime="20210123 23:26:35.092" endtime="20210123 23:26:35.094"></status>
</kw>
<msg timestamp="20210123 23:26:35.095" level="INFO">${response_fixer} = &lt;Response [200]&gt;</msg>
<status status="PASS" starttime="20210123 23:26:34.845" endtime="20210123 23:26:35.095"></status>
</kw>
<kw name=" Fetch exchange rate from fixer" library="API_Resource">
<arguments>
<arg>${response_fixer}</arg>
<arg>${to_currency}</arg>
</arguments>
<assign>
<var>${exchange_rate}</var>
</assign>
<kw name="Convert String to JSON" library="JSONLibrary">
<doc>Convert String to JSON object</doc>
<arguments>
<arg>${reponse.content}</arg>
</arguments>
<assign>
<var>${body}</var>
</assign>
<msg timestamp="20210123 23:26:35.099" level="INFO">${body} = {'success': True, 'timestamp': 1611439686, 'base': 'EUR', 'date': '2021-01-23', 'rates': {'INR': 88.873123}}</msg>
<status status="PASS" starttime="20210123 23:26:35.098" endtime="20210123 23:26:35.099"></status>
</kw>
<kw name="Get Value From Json" library="JSONLibrary">
<doc>Get Value From JSON using JSONPath</doc>
<arguments>
<arg>${body}</arg>
<arg>$.rates</arg>
</arguments>
<assign>
<var>${response_rates}</var>
</assign>
<msg timestamp="20210123 23:26:35.219" level="INFO">${response_rates} = [{'INR': 88.873123}]</msg>
<status status="PASS" starttime="20210123 23:26:35.100" endtime="20210123 23:26:35.219"></status>
</kw>
<kw name="Set Variable" library="BuiltIn">
<doc>Returns the given values which can then be assigned to a variables.</doc>
<arguments>
<arg>${response_rates}[0]</arg>
</arguments>
<assign>
<var>${exchange_rate}</var>
</assign>
<msg timestamp="20210123 23:26:35.223" level="INFO">${exchange_rate} = {'INR': 88.873123}</msg>
<status status="PASS" starttime="20210123 23:26:35.221" endtime="20210123 23:26:35.223"></status>
</kw>
<kw name="Get Value From Json" library="JSONLibrary">
<doc>Get Value From JSON using JSONPath</doc>
<arguments>
<arg>${exchange_rate}</arg>
<arg>$.${to_currency}</arg>
</arguments>
<assign>
<var>${final_rate}</var>
</assign>
<msg timestamp="20210123 23:26:35.336" level="INFO">${final_rate} = [88.873123]</msg>
<status status="PASS" starttime="20210123 23:26:35.224" endtime="20210123 23:26:35.337"></status>
</kw>
<msg timestamp="20210123 23:26:35.339" level="INFO">${exchange_rate} = 88.873123</msg>
<status status="PASS" starttime="20210123 23:26:35.096" endtime="20210123 23:26:35.340"></status>
</kw>
<kw name="Hit the URI and get the reponse" library="API_Resource">
<arguments>
<arg>${End_point}</arg>
<arg>${to_currency}</arg>
<arg>${amount}</arg>
</arguments>
<assign>
<var>${api_response}</var>
</assign>
<kw name="Create Session" library="RequestsLibrary">
<doc>Create Session: create a HTTP session to a server</doc>
<arguments>
<arg>exchange_rate_api</arg>
<arg>${End_point}</arg>
</arguments>
<msg timestamp="20210123 23:26:35.346" level="INFO">Creating Session using : alias=exchange_rate_api, url=http://127.0.0.1:5000/apiassignment/EUR, headers={},                     cookies={}, auth=None, timeout=None, proxies=None, verify=False,                     debug=0 </msg>
<status status="PASS" starttime="20210123 23:26:35.345" endtime="20210123 23:26:35.347"></status>
</kw>
<kw name="Get Request" library="RequestsLibrary">
<doc>*DEPRECATED* Please use `GET On Session` instead.</doc>
<arguments>
<arg>exchange_rate_api</arg>
<arg>${to_currency}/${amount}</arg>
</arguments>
<assign>
<var>${response}</var>
</assign>
<msg timestamp="20210123 23:26:35.350" level="WARN">Keyword 'RequestsLibrary.Get Request' is deprecated. Please use `GET On Session` instead.</msg>
<msg timestamp="20210123 23:26:35.730" level="INFO">GET Request : url=http://127.0.0.1:5000/apiassignment/EUR/INR/6000 (redirected) 
 path_url=/apiassignment/EUR/INR/6000 
 headers={'User-Agent': 'python-requests/2.25.1', 'Accept-Encoding': 'gzip, deflate', 'Accept': '*/*', 'Connection': 'keep-alive'} 
 body=None 
 </msg>
<msg timestamp="20210123 23:26:35.730" level="INFO">GET Response : url=http://127.0.0.1:5000/apiassignment/EUR/INR/6000/ 
 status=200, reason=OK 
 headers={'Content-Type': 'application/json', 'Content-Length': '185', 'Server': 'Werkzeug/1.0.1 Python/3.7.9', 'Date': 'Sat, 23 Jan 2021 22:26:35 GMT'} 
 body={
    "Timestamp": "2021-01-23 23:26:35.726784",
    "From_Curr": "EUR",
    "To_Curr": "INR",
    "Amount": 6000,
    "exchange_rate": 88.873123,
    "calculated_Amount": 533238.738
}
 
 </msg>
<msg timestamp="20210123 23:26:35.731" level="INFO">${response} = &lt;Response [200]&gt;</msg>
<status status="PASS" starttime="20210123 23:26:35.348" endtime="20210123 23:26:35.732"></status>
</kw>
<kw name="Log To Console" library="BuiltIn">
<doc>Logs the given message to the console.</doc>
<arguments>
<arg>${response}</arg>
</arguments>
<status status="PASS" starttime="20210123 23:26:35.732" endtime="20210123 23:26:35.739"></status>
</kw>
<kw name="Return From Keyword" library="BuiltIn">
<doc>Returns from the enclosing user keyword.</doc>
<arguments>
<arg>${response}</arg>
</arguments>
<msg timestamp="20210123 23:26:35.741" level="INFO">Returning from the enclosing user keyword.</msg>
<status status="PASS" starttime="20210123 23:26:35.740" endtime="20210123 23:26:35.742"></status>
</kw>
<msg timestamp="20210123 23:26:35.743" level="INFO">${api_response} = &lt;Response [200]&gt;</msg>
<status status="PASS" starttime="20210123 23:26:35.341" endtime="20210123 23:26:35.743"></status>
</kw>
<kw name="validate status code for response" library="API_Resource">
<arguments>
<arg>${api_response}</arg>
<arg>200</arg>
</arguments>
<kw name="Run Keyword And Return Status" library="BuiltIn">
<doc>Runs the given keyword with given arguments and returns the status as a Boolean value.</doc>
<arguments>
<arg>BuiltIn.Should Be Equal As Strings</arg>
<arg>${response.status_code}</arg>
<arg>${expected_status_code}</arg>
</arguments>
<assign>
<var>${status}</var>
</assign>
<kw name="Should Be Equal As Strings" library="BuiltIn">
<doc>Fails if objects are unequal after converting them to strings.</doc>
<arguments>
<arg>${response.status_code}</arg>
<arg>${expected_status_code}</arg>
</arguments>
<msg timestamp="20210123 23:26:35.749" level="INFO">Argument types are:
&lt;class 'int'&gt;
&lt;type 'unicode'&gt;</msg>
<status status="PASS" starttime="20210123 23:26:35.747" endtime="20210123 23:26:35.749"></status>
</kw>
<msg timestamp="20210123 23:26:35.750" level="INFO">${status} = True</msg>
<status status="PASS" starttime="20210123 23:26:35.746" endtime="20210123 23:26:35.750"></status>
</kw>
<kw name="Run Keyword If" library="BuiltIn">
<doc>Runs the given keyword with the given arguments, if ``condition`` is true.</doc>
<arguments>
<arg>${status}==False</arg>
<arg>BuiltIn.Fail</arg>
</arguments>
<status status="PASS" starttime="20210123 23:26:35.751" endtime="20210123 23:26:35.752"></status>
</kw>
<status status="PASS" starttime="20210123 23:26:35.744" endtime="20210123 23:26:35.753"></status>
</kw>
<kw name="validate json response parameter" library="API_Resource">
<arguments>
<arg>${api_response}</arg>
</arguments>
<kw name="Convert String to JSON" library="JSONLibrary">
<doc>Convert String to JSON object</doc>
<arguments>
<arg>${response.content}</arg>
</arguments>
<assign>
<var>${body}</var>
</assign>
<msg timestamp="20210123 23:26:35.757" level="INFO">${body} = {'Timestamp': '2021-01-23 23:26:35.726784', 'From_Curr': 'EUR', 'To_Curr': 'INR', 'Amount': 6000, 'exchange_rate': 88.873123, 'calculated_Amount': 533238.738}</msg>
<status status="PASS" starttime="20210123 23:26:35.755" endtime="20210123 23:26:35.757"></status>
</kw>
<kw name="Log To Console" library="BuiltIn">
<doc>Logs the given message to the console.</doc>
<arguments>
<arg>${body}</arg>
</arguments>
<status status="PASS" starttime="20210123 23:26:35.758" endtime="20210123 23:26:35.759"></status>
</kw>
<kw name="Run Keyword And Return Status" library="BuiltIn">
<doc>Runs the given keyword with given arguments and returns the status as a Boolean value.</doc>
<arguments>
<arg>BuiltIn.Should Contain</arg>
<arg>${body}</arg>
<arg>From_Curr</arg>
</arguments>
<assign>
<var>${status}</var>
</assign>
<kw name="Should Contain" library="BuiltIn">
<doc>Fails if ``container`` does not contain ``item`` one or more times.</doc>
<arguments>
<arg>${body}</arg>
<arg>From_Curr</arg>
</arguments>
<status status="PASS" starttime="20210123 23:26:35.761" endtime="20210123 23:26:35.762"></status>
</kw>
<msg timestamp="20210123 23:26:35.763" level="INFO">${status} = True</msg>
<status status="PASS" starttime="20210123 23:26:35.760" endtime="20210123 23:26:35.763"></status>
</kw>
<kw name="Run Keyword If" library="BuiltIn">
<doc>Runs the given keyword with the given arguments, if ``condition`` is true.</doc>
<arguments>
<arg>'${status}'=='False'</arg>
<arg>BuiltIn.Fail</arg>
</arguments>
<status status="PASS" starttime="20210123 23:26:35.764" endtime="20210123 23:26:35.765"></status>
</kw>
<kw name="Run Keyword And Return Status" library="BuiltIn">
<doc>Runs the given keyword with given arguments and returns the status as a Boolean value.</doc>
<arguments>
<arg>BuiltIn.Should Contain</arg>
<arg>${body}</arg>
<arg>Amount</arg>
</arguments>
<assign>
<var>${status}</var>
</assign>
<kw name="Should Contain" library="BuiltIn">
<doc>Fails if ``container`` does not contain ``item`` one or more times.</doc>
<arguments>
<arg>${body}</arg>
<arg>Amount</arg>
</arguments>
<status status="PASS" starttime="20210123 23:26:35.767" endtime="20210123 23:26:35.768"></status>
</kw>
<msg timestamp="20210123 23:26:35.769" level="INFO">${status} = True</msg>
<status status="PASS" starttime="20210123 23:26:35.766" endtime="20210123 23:26:35.769"></status>
</kw>
<kw name="Run Keyword If" library="BuiltIn">
<doc>Runs the given keyword with the given arguments, if ``condition`` is true.</doc>
<arguments>
<arg>'${status}'=='False'</arg>
<arg>BuiltIn.Fail</arg>
</arguments>
<status status="PASS" starttime="20210123 23:26:35.770" endtime="20210123 23:26:35.771"></status>
</kw>
<kw name="Run Keyword And Return Status" library="BuiltIn">
<doc>Runs the given keyword with given arguments and returns the status as a Boolean value.</doc>
<arguments>
<arg>BuiltIn.Should Contain</arg>
<arg>${body}</arg>
<arg>exchange_rate</arg>
</arguments>
<assign>
<var>${status}</var>
</assign>
<kw name="Should Contain" library="BuiltIn">
<doc>Fails if ``container`` does not contain ``item`` one or more times.</doc>
<arguments>
<arg>${body}</arg>
<arg>exchange_rate</arg>
</arguments>
<status status="PASS" starttime="20210123 23:26:35.773" endtime="20210123 23:26:35.774"></status>
</kw>
<msg timestamp="20210123 23:26:35.775" level="INFO">${status} = True</msg>
<status status="PASS" starttime="20210123 23:26:35.772" endtime="20210123 23:26:35.775"></status>
</kw>
<kw name="Run Keyword If" library="BuiltIn">
<doc>Runs the given keyword with the given arguments, if ``condition`` is true.</doc>
<arguments>
<arg>'${status}'=='False'</arg>
<arg>BuiltIn.Fail</arg>
</arguments>
<status status="PASS" starttime="20210123 23:26:35.776" endtime="20210123 23:26:35.777"></status>
</kw>
<kw name="Run Keyword And Return Status" library="BuiltIn">
<doc>Runs the given keyword with given arguments and returns the status as a Boolean value.</doc>
<arguments>
<arg>BuiltIn.Should Contain</arg>
<arg>${body}</arg>
<arg>calculated_Amount</arg>
</arguments>
<assign>
<var>${status}</var>
</assign>
<kw name="Should Contain" library="BuiltIn">
<doc>Fails if ``container`` does not contain ``item`` one or more times.</doc>
<arguments>
<arg>${body}</arg>
<arg>calculated_Amount</arg>
</arguments>
<status status="PASS" starttime="20210123 23:26:35.779" endtime="20210123 23:26:35.780"></status>
</kw>
<msg timestamp="20210123 23:26:35.781" level="INFO">${status} = True</msg>
<status status="PASS" starttime="20210123 23:26:35.778" endtime="20210123 23:26:35.781"></status>
</kw>
<kw name="Run Keyword If" library="BuiltIn">
<doc>Runs the given keyword with the given arguments, if ``condition`` is true.</doc>
<arguments>
<arg>'${status}'=='False'</arg>
<arg>BuiltIn.Fail</arg>
</arguments>
<status status="PASS" starttime="20210123 23:26:35.782" endtime="20210123 23:26:35.785"></status>
</kw>
<status status="PASS" starttime="20210123 23:26:35.754" endtime="20210123 23:26:35.785"></status>
</kw>
<kw name="check values in response json" library="API_Resource">
<arguments>
<arg>${api_response}</arg>
<arg>${from_currency}</arg>
<arg>${to_currency}</arg>
<arg>${amount}</arg>
<arg>${exchange_rate}</arg>
</arguments>
<kw name="Convert String to JSON" library="JSONLibrary">
<doc>Convert String to JSON object</doc>
<arguments>
<arg>${response.content}</arg>
</arguments>
<assign>
<var>${body}</var>
</assign>
<msg timestamp="20210123 23:26:35.790" level="INFO">${body} = {'Timestamp': '2021-01-23 23:26:35.726784', 'From_Curr': 'EUR', 'To_Curr': 'INR', 'Amount': 6000, 'exchange_rate': 88.873123, 'calculated_Amount': 533238.738}</msg>
<status status="PASS" starttime="20210123 23:26:35.788" endtime="20210123 23:26:35.791"></status>
</kw>
<kw name="Get Value From Json" library="JSONLibrary">
<doc>Get Value From JSON using JSONPath</doc>
<arguments>
<arg>${body}</arg>
<arg>$.From_Curr</arg>
</arguments>
<assign>
<var>${From_currency_response}</var>
</assign>
<msg timestamp="20210123 23:26:35.878" level="INFO">${From_currency_response} = ['EUR']</msg>
<status status="PASS" starttime="20210123 23:26:35.792" endtime="20210123 23:26:35.878"></status>
</kw>
<kw name="Get Value From Json" library="JSONLibrary">
<doc>Get Value From JSON using JSONPath</doc>
<arguments>
<arg>${body}</arg>
<arg>$.To_Curr</arg>
</arguments>
<assign>
<var>${To_currency_response}</var>
</assign>
<msg timestamp="20210123 23:26:35.993" level="INFO">${To_currency_response} = ['INR']</msg>
<status status="PASS" starttime="20210123 23:26:35.880" endtime="20210123 23:26:35.993"></status>
</kw>
<kw name="Get Value From Json" library="JSONLibrary">
<doc>Get Value From JSON using JSONPath</doc>
<arguments>
<arg>${body}</arg>
<arg>$.Amount</arg>
</arguments>
<assign>
<var>${Amount_response}</var>
</assign>
<msg timestamp="20210123 23:26:36.065" level="INFO">${Amount_response} = [6000]</msg>
<status status="PASS" starttime="20210123 23:26:35.994" endtime="20210123 23:26:36.065"></status>
</kw>
<kw name="Get Value From Json" library="JSONLibrary">
<doc>Get Value From JSON using JSONPath</doc>
<arguments>
<arg>${body}</arg>
<arg>$.exchange_rate</arg>
</arguments>
<assign>
<var>${exchange_rate_response}</var>
</assign>
<msg timestamp="20210123 23:26:36.181" level="INFO">${exchange_rate_response} = [88.873123]</msg>
<status status="PASS" starttime="20210123 23:26:36.067" endtime="20210123 23:26:36.181"></status>
</kw>
<kw name="Get Value From Json" library="JSONLibrary">
<doc>Get Value From JSON using JSONPath</doc>
<arguments>
<arg>${body}</arg>
<arg>$.calculated_Amount</arg>
</arguments>
<assign>
<var>${calculated_Amount_response}</var>
</assign>
<msg timestamp="20210123 23:26:36.294" level="INFO">${calculated_Amount_response} = [533238.738]</msg>
<status status="PASS" starttime="20210123 23:26:36.182" endtime="20210123 23:26:36.294"></status>
</kw>
<kw name="Convert To Upper Case" library="String">
<doc>Converts string to upper case.</doc>
<arguments>
<arg>${to_currency}</arg>
</arguments>
<assign>
<var>${to_currency}</var>
</assign>
<msg timestamp="20210123 23:26:36.296" level="INFO">${to_currency} = INR</msg>
<status status="PASS" starttime="20210123 23:26:36.295" endtime="20210123 23:26:36.296"></status>
</kw>
<kw name="Run Keyword And Return Status" library="BuiltIn">
<doc>Runs the given keyword with given arguments and returns the status as a Boolean value.</doc>
<arguments>
<arg>BuiltIn.Should Be Equal As Strings</arg>
<arg>${From_currency_response}[0]</arg>
<arg>${from_currency}</arg>
</arguments>
<assign>
<var>${Status_from_curr}</var>
</assign>
<kw name="Should Be Equal As Strings" library="BuiltIn">
<doc>Fails if objects are unequal after converting them to strings.</doc>
<arguments>
<arg>${From_currency_response}[0]</arg>
<arg>${from_currency}</arg>
</arguments>
<status status="PASS" starttime="20210123 23:26:36.299" endtime="20210123 23:26:36.300"></status>
</kw>
<msg timestamp="20210123 23:26:36.301" level="INFO">${Status_from_curr} = True</msg>
<status status="PASS" starttime="20210123 23:26:36.297" endtime="20210123 23:26:36.303"></status>
</kw>
<kw name="Run Keyword If" library="BuiltIn">
<doc>Runs the given keyword with the given arguments, if ``condition`` is true.</doc>
<arguments>
<arg>${Status_from_curr}==False</arg>
<arg>BuiltIn.Fail</arg>
</arguments>
<status status="PASS" starttime="20210123 23:26:36.304" endtime="20210123 23:26:36.306"></status>
</kw>
<kw name="Run Keyword And Return Status" library="BuiltIn">
<doc>Runs the given keyword with given arguments and returns the status as a Boolean value.</doc>
<arguments>
<arg>BuiltIn.Should Be Equal As Strings</arg>
<arg>${To_currency_response}[0]</arg>
<arg>${to_currency}</arg>
</arguments>
<assign>
<var>${Status_To_Curr}</var>
</assign>
<kw name="Should Be Equal As Strings" library="BuiltIn">
<doc>Fails if objects are unequal after converting them to strings.</doc>
<arguments>
<arg>${To_currency_response}[0]</arg>
<arg>${to_currency}</arg>
</arguments>
<status status="PASS" starttime="20210123 23:26:36.309" endtime="20210123 23:26:36.310"></status>
</kw>
<msg timestamp="20210123 23:26:36.311" level="INFO">${Status_To_Curr} = True</msg>
<status status="PASS" starttime="20210123 23:26:36.307" endtime="20210123 23:26:36.311"></status>
</kw>
<kw name="Run Keyword If" library="BuiltIn">
<doc>Runs the given keyword with the given arguments, if ``condition`` is true.</doc>
<arguments>
<arg>${Status_To_Curr}==False</arg>
<arg>BuiltIn.Fail</arg>
</arguments>
<status status="PASS" starttime="20210123 23:26:36.312" endtime="20210123 23:26:36.314"></status>
</kw>
<kw name="Run Keyword And Return Status" library="BuiltIn">
<doc>Runs the given keyword with given arguments and returns the status as a Boolean value.</doc>
<arguments>
<arg>BuiltIn.Should Be Equal As Strings</arg>
<arg>${Amount_response}[0]</arg>
<arg>${amount}</arg>
</arguments>
<assign>
<var>${Status_Amount}</var>
</assign>
<kw name="Should Be Equal As Strings" library="BuiltIn">
<doc>Fails if objects are unequal after converting them to strings.</doc>
<arguments>
<arg>${Amount_response}[0]</arg>
<arg>${amount}</arg>
</arguments>
<msg timestamp="20210123 23:26:36.320" level="INFO">Argument types are:
&lt;class 'int'&gt;
&lt;type 'unicode'&gt;</msg>
<status status="PASS" starttime="20210123 23:26:36.318" endtime="20210123 23:26:36.323"></status>
</kw>
<msg timestamp="20210123 23:26:36.324" level="INFO">${Status_Amount} = True</msg>
<status status="PASS" starttime="20210123 23:26:36.315" endtime="20210123 23:26:36.325"></status>
</kw>
<kw name="Run Keyword If" library="BuiltIn">
<doc>Runs the given keyword with the given arguments, if ``condition`` is true.</doc>
<arguments>
<arg>${Status_Amount}==False</arg>
<arg>BuiltIn.Fail</arg>
</arguments>
<status status="PASS" starttime="20210123 23:26:36.327" endtime="20210123 23:26:36.330"></status>
</kw>
<kw name="Run Keyword And Return Status" library="BuiltIn">
<doc>Runs the given keyword with given arguments and returns the status as a Boolean value.</doc>
<arguments>
<arg>BuiltIn.Should Be Equal As Strings</arg>
<arg>${exchange_rate_response}[0]</arg>
<arg>${exchange_rate}</arg>
</arguments>
<assign>
<var>${Status_exchange_rate}</var>
</assign>
<kw name="Should Be Equal As Strings" library="BuiltIn">
<doc>Fails if objects are unequal after converting them to strings.</doc>
<arguments>
<arg>${exchange_rate_response}[0]</arg>
<arg>${exchange_rate}</arg>
</arguments>
<status status="PASS" starttime="20210123 23:26:36.336" endtime="20210123 23:26:36.340"></status>
</kw>
<msg timestamp="20210123 23:26:36.341" level="INFO">${Status_exchange_rate} = True</msg>
<status status="PASS" starttime="20210123 23:26:36.332" endtime="20210123 23:26:36.342"></status>
</kw>
<kw name="Run Keyword If" library="BuiltIn">
<doc>Runs the given keyword with the given arguments, if ``condition`` is true.</doc>
<arguments>
<arg>${Status_exchange_rate}==False</arg>
<arg>BuiltIn.Fail</arg>
</arguments>
<status status="PASS" starttime="20210123 23:26:36.343" endtime="20210123 23:26:36.345"></status>
</kw>
<status status="PASS" starttime="20210123 23:26:35.786" endtime="20210123 23:26:36.346"></status>
</kw>
<kw name="calculate the amount for to currency" library="API_Resource">
<arguments>
<arg>${api_response}</arg>
<arg>${amount}</arg>
</arguments>
<kw name="Convert String to JSON" library="JSONLibrary">
<doc>Convert String to JSON object</doc>
<arguments>
<arg>${response.content}</arg>
</arguments>
<assign>
<var>${body}</var>
</assign>
<msg timestamp="20210123 23:26:36.360" level="INFO">${body} = {'Timestamp': '2021-01-23 23:26:35.726784', 'From_Curr': 'EUR', 'To_Curr': 'INR', 'Amount': 6000, 'exchange_rate': 88.873123, 'calculated_Amount': 533238.738}</msg>
<status status="PASS" starttime="20210123 23:26:36.355" endtime="20210123 23:26:36.360"></status>
</kw>
<kw name="Get Value From Json" library="JSONLibrary">
<doc>Get Value From JSON using JSONPath</doc>
<arguments>
<arg>${body}</arg>
<arg>$.calculated_Amount</arg>
</arguments>
<assign>
<var>${calculated_Amount_response}</var>
</assign>
<msg timestamp="20210123 23:26:36.463" level="INFO">${calculated_Amount_response} = [533238.738]</msg>
<status status="PASS" starttime="20210123 23:26:36.361" endtime="20210123 23:26:36.463"></status>
</kw>
<kw name="Get Value From Json" library="JSONLibrary">
<doc>Get Value From JSON using JSONPath</doc>
<arguments>
<arg>${body}</arg>
<arg>$.exchange_rate</arg>
</arguments>
<assign>
<var>${exchange_rate_response}</var>
</assign>
<msg timestamp="20210123 23:26:36.573" level="INFO">${exchange_rate_response} = [88.873123]</msg>
<status status="PASS" starttime="20210123 23:26:36.464" endtime="20210123 23:26:36.573"></status>
</kw>
<kw name="Convert To Number" library="BuiltIn">
<doc>Converts the given item to a floating point number.</doc>
<arguments>
<arg>${exchange_rate_response}[0]</arg>
</arguments>
<assign>
<var>${exchange_rate_response}</var>
</assign>
<msg timestamp="20210123 23:26:36.576" level="INFO">${exchange_rate_response} = 88.873123</msg>
<status status="PASS" starttime="20210123 23:26:36.575" endtime="20210123 23:26:36.577"></status>
</kw>
<kw name="Evaluate" library="BuiltIn">
<doc>Evaluates the given expression in Python and returns the result.</doc>
<arguments>
<arg>${exchange_rate_response}*${amount}</arg>
</arguments>
<assign>
<var>${Calulation}</var>
</assign>
<msg timestamp="20210123 23:26:36.583" level="INFO">${Calulation} = 533238.738</msg>
<status status="PASS" starttime="20210123 23:26:36.578" endtime="20210123 23:26:36.584"></status>
</kw>
<kw name="Run Keyword And Return" library="BuiltIn">
<doc>Runs the specified keyword and returns from the enclosing user keyword.</doc>
<arguments>
<arg>BuiltIn.Should Be Equal</arg>
<arg>${calculated_Amount_response}[0]</arg>
<arg>${Calulation}</arg>
</arguments>
<assign>
<var>${Status_calculation_comaprison}</var>
</assign>
<kw name="Should Be Equal" library="BuiltIn">
<doc>Fails if the given objects are unequal.</doc>
<arguments>
<arg>${calculated_Amount_response}[0]</arg>
<arg>${Calulation}</arg>
</arguments>
<status status="PASS" starttime="20210123 23:26:36.586" endtime="20210123 23:26:36.588"></status>
</kw>
<msg timestamp="20210123 23:26:36.589" level="INFO">Returning from the enclosing user keyword.</msg>
<status status="PASS" starttime="20210123 23:26:36.585" endtime="20210123 23:26:36.590"></status>
</kw>
<status status="PASS" starttime="20210123 23:26:36.353" endtime="20210123 23:26:36.591"></status>
</kw>
<doc>Given From Currency is Nok To currency is EUR then calculate the Currency
when exchage rate is received
then verify the response code</doc>
<status status="PASS" starttime="20210123 23:26:34.842" endtime="20210123 23:26:36.592" critical="yes"></status>
</test>
<test id="s1-s1-t2" name="Scenario2:Verify the response code as 400 and If mandatory parameter From Currency is missing">
<kw name="Hit the URI and get the reponse" library="API_Resource">
<arguments>
<arg>${End_point}</arg>
<arg>""</arg>
<arg>${amount}</arg>
</arguments>
<assign>
<var>${api_response}</var>
</assign>
<kw name="Create Session" library="RequestsLibrary">
<doc>Create Session: create a HTTP session to a server</doc>
<arguments>
<arg>exchange_rate_api</arg>
<arg>${End_point}</arg>
</arguments>
<msg timestamp="20210123 23:26:36.606" level="INFO">Creating Session using : alias=exchange_rate_api, url=http://127.0.0.1:5000/apiassignment/EUR, headers={},                     cookies={}, auth=None, timeout=None, proxies=None, verify=False,                     debug=0 </msg>
<status status="PASS" starttime="20210123 23:26:36.604" endtime="20210123 23:26:36.607"></status>
</kw>
<kw name="Get Request" library="RequestsLibrary">
<doc>*DEPRECATED* Please use `GET On Session` instead.</doc>
<arguments>
<arg>exchange_rate_api</arg>
<arg>${to_currency}/${amount}</arg>
</arguments>
<assign>
<var>${response}</var>
</assign>
<msg timestamp="20210123 23:26:36.609" level="WARN">Keyword 'RequestsLibrary.Get Request' is deprecated. Please use `GET On Session` instead.</msg>
<msg timestamp="20210123 23:26:36.637" level="INFO">GET Request : url=http://127.0.0.1:5000/apiassignment/EUR/%22%22/6000 (redirected) 
 path_url=/apiassignment/EUR/%22%22/6000 
 headers={'User-Agent': 'python-requests/2.25.1', 'Accept-Encoding': 'gzip, deflate', 'Accept': '*/*', 'Connection': 'keep-alive'} 
 body=None 
 </msg>
<msg timestamp="20210123 23:26:36.638" level="INFO">GET Response : url=http://127.0.0.1:5000/apiassignment/EUR/%22%22/6000/ 
 status=400, reason=BAD REQUEST 
 headers={'Content-Type': 'application/json', 'Content-Length': '90', 'Server': 'Werkzeug/1.0.1 Python/3.7.9', 'Date': 'Sat, 23 Jan 2021 22:26:36 GMT'} 
 body={
    "message": "to_curr parameter should contain 3 char",
    "type": "invalid input"
}
 
 </msg>
<msg timestamp="20210123 23:26:36.639" level="INFO">${response} = &lt;Response [400]&gt;</msg>
<status status="PASS" starttime="20210123 23:26:36.608" endtime="20210123 23:26:36.639"></status>
</kw>
<kw name="Log To Console" library="BuiltIn">
<doc>Logs the given message to the console.</doc>
<arguments>
<arg>${response}</arg>
</arguments>
<status status="PASS" starttime="20210123 23:26:36.641" endtime="20210123 23:26:36.642"></status>
</kw>
<kw name="Return From Keyword" library="BuiltIn">
<doc>Returns from the enclosing user keyword.</doc>
<arguments>
<arg>${response}</arg>
</arguments>
<msg timestamp="20210123 23:26:36.644" level="INFO">Returning from the enclosing user keyword.</msg>
<status status="PASS" starttime="20210123 23:26:36.643" endtime="20210123 23:26:36.644"></status>
</kw>
<msg timestamp="20210123 23:26:36.646" level="INFO">${api_response} = &lt;Response [400]&gt;</msg>
<status status="PASS" starttime="20210123 23:26:36.598" endtime="20210123 23:26:36.647"></status>
</kw>
<kw name="validate status code for response" library="API_Resource">
<arguments>
<arg>${api_response}</arg>
<arg>400</arg>
</arguments>
<kw name="Run Keyword And Return Status" library="BuiltIn">
<doc>Runs the given keyword with given arguments and returns the status as a Boolean value.</doc>
<arguments>
<arg>BuiltIn.Should Be Equal As Strings</arg>
<arg>${response.status_code}</arg>
<arg>${expected_status_code}</arg>
</arguments>
<assign>
<var>${status}</var>
</assign>
<kw name="Should Be Equal As Strings" library="BuiltIn">
<doc>Fails if objects are unequal after converting them to strings.</doc>
<arguments>
<arg>${response.status_code}</arg>
<arg>${expected_status_code}</arg>
</arguments>
<msg timestamp="20210123 23:26:36.659" level="INFO">Argument types are:
&lt;class 'int'&gt;
&lt;type 'unicode'&gt;</msg>
<status status="PASS" starttime="20210123 23:26:36.656" endtime="20210123 23:26:36.660"></status>
</kw>
<msg timestamp="20210123 23:26:36.661" level="INFO">${status} = True</msg>
<status status="PASS" starttime="20210123 23:26:36.654" endtime="20210123 23:26:36.662"></status>
</kw>
<kw name="Run Keyword If" library="BuiltIn">
<doc>Runs the given keyword with the given arguments, if ``condition`` is true.</doc>
<arguments>
<arg>${status}==False</arg>
<arg>BuiltIn.Fail</arg>
</arguments>
<status status="PASS" starttime="20210123 23:26:36.663" endtime="20210123 23:26:36.664"></status>
</kw>
<status status="PASS" starttime="20210123 23:26:36.652" endtime="20210123 23:26:36.665"></status>
</kw>
<kw name="validate error message" library="API_Resource">
<arguments>
<arg>${api_response}</arg>
<arg>${invalid_currency_err_msg}</arg>
<arg>${Error_code}</arg>
</arguments>
<kw name="Convert String to JSON" library="JSONLibrary">
<doc>Convert String to JSON object</doc>
<arguments>
<arg>${response.content}</arg>
</arguments>
<assign>
<var>${body}</var>
</assign>
<msg timestamp="20210123 23:26:36.670" level="INFO">${body} = {'message': 'to_curr parameter should contain 3 char', 'type': 'invalid input'}</msg>
<status status="PASS" starttime="20210123 23:26:36.668" endtime="20210123 23:26:36.670"></status>
</kw>
<kw name="Get Value From Json" library="JSONLibrary">
<doc>Get Value From JSON using JSONPath</doc>
<arguments>
<arg>${body}</arg>
<arg>$.message</arg>
</arguments>
<assign>
<var>${message}</var>
</assign>
<msg timestamp="20210123 23:26:36.753" level="INFO">${message} = ['to_curr parameter should contain 3 char']</msg>
<status status="PASS" starttime="20210123 23:26:36.671" endtime="20210123 23:26:36.753"></status>
</kw>
<kw name="Get Value From Json" library="JSONLibrary">
<doc>Get Value From JSON using JSONPath</doc>
<arguments>
<arg>${body}</arg>
<arg>$.type</arg>
</arguments>
<assign>
<var>${response_err_code}</var>
</assign>
<msg timestamp="20210123 23:26:36.846" level="INFO">${response_err_code} = ['invalid input']</msg>
<status status="PASS" starttime="20210123 23:26:36.754" endtime="20210123 23:26:36.847"></status>
</kw>
<kw name="Run Keyword And Return Status" library="BuiltIn">
<doc>Runs the given keyword with given arguments and returns the status as a Boolean value.</doc>
<arguments>
<arg>BuiltIn.Should Be Equal As Strings</arg>
<arg>${message}[0]</arg>
<arg>${exepected_error_message}</arg>
</arguments>
<assign>
<var>${Status_from_curr}</var>
</assign>
<kw name="Should Be Equal As Strings" library="BuiltIn">
<doc>Fails if objects are unequal after converting them to strings.</doc>
<arguments>
<arg>${message}[0]</arg>
<arg>${exepected_error_message}</arg>
</arguments>
<status status="PASS" starttime="20210123 23:26:36.849" endtime="20210123 23:26:36.850"></status>
</kw>
<msg timestamp="20210123 23:26:36.851" level="INFO">${Status_from_curr} = True</msg>
<status status="PASS" starttime="20210123 23:26:36.848" endtime="20210123 23:26:36.851"></status>
</kw>
<kw name="Run Keyword If" library="BuiltIn">
<doc>Runs the given keyword with the given arguments, if ``condition`` is true.</doc>
<arguments>
<arg>${Status_from_curr}==False</arg>
<arg>BuiltIn.Fail</arg>
</arguments>
<status status="PASS" starttime="20210123 23:26:36.852" endtime="20210123 23:26:36.853"></status>
</kw>
<kw name="Run Keyword And Return Status" library="BuiltIn">
<doc>Runs the given keyword with given arguments and returns the status as a Boolean value.</doc>
<arguments>
<arg>BuiltIn.Should Be Equal As Strings</arg>
<arg>${response_err_code}[0]</arg>
<arg>${Err_code}</arg>
</arguments>
<assign>
<var>${Status_from_curr}</var>
</assign>
<kw name="Should Be Equal As Strings" library="BuiltIn">
<doc>Fails if objects are unequal after converting them to strings.</doc>
<arguments>
<arg>${response_err_code}[0]</arg>
<arg>${Err_code}</arg>
</arguments>
<status status="PASS" starttime="20210123 23:26:36.856" endtime="20210123 23:26:36.857"></status>
</kw>
<msg timestamp="20210123 23:26:36.858" level="INFO">${Status_from_curr} = True</msg>
<status status="PASS" starttime="20210123 23:26:36.855" endtime="20210123 23:26:36.859"></status>
</kw>
<kw name="Run Keyword If" library="BuiltIn">
<doc>Runs the given keyword with the given arguments, if ``condition`` is true.</doc>
<arguments>
<arg>${Status_from_curr}==False</arg>
<arg>BuiltIn.Fail</arg>
</arguments>
<status status="PASS" starttime="20210123 23:26:36.859" endtime="20210123 23:26:36.861"></status>
</kw>
<status status="PASS" starttime="20210123 23:26:36.666" endtime="20210123 23:26:36.862"></status>
</kw>
<doc>Given To currency is missing
when From Currency is EUR
then validate the response Code</doc>
<status status="PASS" starttime="20210123 23:26:36.595" endtime="20210123 23:26:36.863" critical="yes"></status>
</test>
<test id="s1-s1-t3" name="Scenario3:Verify the response code as 404 and If mandatory parameter Amount is incorrect">
<kw name="Hit the URI and get the reponse" library="API_Resource">
<arguments>
<arg>${End_point}</arg>
<arg>${from_currency}</arg>
<arg>"yyyy"</arg>
</arguments>
<assign>
<var>${api_response}</var>
</assign>
<kw name="Create Session" library="RequestsLibrary">
<doc>Create Session: create a HTTP session to a server</doc>
<arguments>
<arg>exchange_rate_api</arg>
<arg>${End_point}</arg>
</arguments>
<msg timestamp="20210123 23:26:36.871" level="INFO">Creating Session using : alias=exchange_rate_api, url=http://127.0.0.1:5000/apiassignment/EUR, headers={},                     cookies={}, auth=None, timeout=None, proxies=None, verify=False,                     debug=0 </msg>
<status status="PASS" starttime="20210123 23:26:36.869" endtime="20210123 23:26:36.872"></status>
</kw>
<kw name="Get Request" library="RequestsLibrary">
<doc>*DEPRECATED* Please use `GET On Session` instead.</doc>
<arguments>
<arg>exchange_rate_api</arg>
<arg>${to_currency}/${amount}</arg>
</arguments>
<assign>
<var>${response}</var>
</assign>
<msg timestamp="20210123 23:26:36.875" level="WARN">Keyword 'RequestsLibrary.Get Request' is deprecated. Please use `GET On Session` instead.</msg>
<msg timestamp="20210123 23:26:36.887" level="INFO">GET Request : url=http://127.0.0.1:5000/apiassignment/EUR/EUR/%22yyyy%22 
 path_url=/apiassignment/EUR/EUR/%22yyyy%22 
 headers={'User-Agent': 'python-requests/2.25.1', 'Accept-Encoding': 'gzip, deflate', 'Accept': '*/*', 'Connection': 'keep-alive'} 
 body=None 
 </msg>
<msg timestamp="20210123 23:26:36.888" level="INFO">GET Response : url=http://127.0.0.1:5000/apiassignment/EUR/EUR/%22yyyy%22 
 status=404, reason=NOT FOUND 
 headers={'Content-Type': 'text/html; charset=utf-8', 'Content-Length': '232', 'Server': 'Werkzeug/1.0.1 Python/3.7.9', 'Date': 'Sat, 23 Jan 2021 22:26:36 GMT'} 
 body=&lt;!DOCTYPE HTML PUBLIC "-//W3C//DTD HTML 3.2 Final//EN"&gt;
&lt;title&gt;404 Not Found&lt;/title&gt;
&lt;h1&gt;Not Found&lt;/h1&gt;
&lt;p&gt;The requested URL was not found on the server. If you entered the URL manually please check your spelling and try again.&lt;/p&gt;
 
 </msg>
<msg timestamp="20210123 23:26:36.890" level="INFO">${response} = &lt;Response [404]&gt;</msg>
<status status="PASS" starttime="20210123 23:26:36.874" endtime="20210123 23:26:36.890"></status>
</kw>
<kw name="Log To Console" library="BuiltIn">
<doc>Logs the given message to the console.</doc>
<arguments>
<arg>${response}</arg>
</arguments>
<status status="PASS" starttime="20210123 23:26:36.891" endtime="20210123 23:26:36.892"></status>
</kw>
<kw name="Return From Keyword" library="BuiltIn">
<doc>Returns from the enclosing user keyword.</doc>
<arguments>
<arg>${response}</arg>
</arguments>
<msg timestamp="20210123 23:26:36.894" level="INFO">Returning from the enclosing user keyword.</msg>
<status status="PASS" starttime="20210123 23:26:36.893" endtime="20210123 23:26:36.896"></status>
</kw>
<msg timestamp="20210123 23:26:36.897" level="INFO">${api_response} = &lt;Response [404]&gt;</msg>
<status status="PASS" starttime="20210123 23:26:36.867" endtime="20210123 23:26:36.898"></status>
</kw>
<kw name="validate status code for response" library="API_Resource">
<arguments>
<arg>${api_response}</arg>
<arg>404</arg>
</arguments>
<kw name="Run Keyword And Return Status" library="BuiltIn">
<doc>Runs the given keyword with given arguments and returns the status as a Boolean value.</doc>
<arguments>
<arg>BuiltIn.Should Be Equal As Strings</arg>
<arg>${response.status_code}</arg>
<arg>${expected_status_code}</arg>
</arguments>
<assign>
<var>${status}</var>
</assign>
<kw name="Should Be Equal As Strings" library="BuiltIn">
<doc>Fails if objects are unequal after converting them to strings.</doc>
<arguments>
<arg>${response.status_code}</arg>
<arg>${expected_status_code}</arg>
</arguments>
<msg timestamp="20210123 23:26:36.904" level="INFO">Argument types are:
&lt;class 'int'&gt;
&lt;type 'unicode'&gt;</msg>
<status status="PASS" starttime="20210123 23:26:36.902" endtime="20210123 23:26:36.904"></status>
</kw>
<msg timestamp="20210123 23:26:36.905" level="INFO">${status} = True</msg>
<status status="PASS" starttime="20210123 23:26:36.901" endtime="20210123 23:26:36.907"></status>
</kw>
<kw name="Run Keyword If" library="BuiltIn">
<doc>Runs the given keyword with the given arguments, if ``condition`` is true.</doc>
<arguments>
<arg>${status}==False</arg>
<arg>BuiltIn.Fail</arg>
</arguments>
<status status="PASS" starttime="20210123 23:26:36.908" endtime="20210123 23:26:36.910"></status>
</kw>
<status status="PASS" starttime="20210123 23:26:36.899" endtime="20210123 23:26:36.911"></status>
</kw>
<doc>Given To currency is missing
when From Currency is EUR
then validate the response Code</doc>
<status status="PASS" starttime="20210123 23:26:36.864" endtime="20210123 23:26:36.912" critical="yes"></status>
</test>
<test id="s1-s1-t4" name="Scenario4:Verify If To currency is an invalid currency">
<kw name="Hit the URI and get the reponse" library="API_Resource">
<arguments>
<arg>${End_point}</arg>
<arg>${invalid_curr}</arg>
<arg>${amount}</arg>
</arguments>
<assign>
<var>${api_response}</var>
</assign>
<kw name="Create Session" library="RequestsLibrary">
<doc>Create Session: create a HTTP session to a server</doc>
<arguments>
<arg>exchange_rate_api</arg>
<arg>${End_point}</arg>
</arguments>
<msg timestamp="20210123 23:26:36.926" level="INFO">Creating Session using : alias=exchange_rate_api, url=http://127.0.0.1:5000/apiassignment/EUR, headers={},                     cookies={}, auth=None, timeout=None, proxies=None, verify=False,                     debug=0 </msg>
<status status="PASS" starttime="20210123 23:26:36.925" endtime="20210123 23:26:36.927"></status>
</kw>
<kw name="Get Request" library="RequestsLibrary">
<doc>*DEPRECATED* Please use `GET On Session` instead.</doc>
<arguments>
<arg>exchange_rate_api</arg>
<arg>${to_currency}/${amount}</arg>
</arguments>
<assign>
<var>${response}</var>
</assign>
<msg timestamp="20210123 23:26:36.928" level="WARN">Keyword 'RequestsLibrary.Get Request' is deprecated. Please use `GET On Session` instead.</msg>
<msg timestamp="20210123 23:26:37.254" level="INFO">GET Request : url=http://127.0.0.1:5000/apiassignment/EUR/RAF/6000 (redirected) 
 path_url=/apiassignment/EUR/RAF/6000 
 headers={'User-Agent': 'python-requests/2.25.1', 'Accept-Encoding': 'gzip, deflate', 'Accept': '*/*', 'Connection': 'keep-alive'} 
 body=None 
 </msg>
<msg timestamp="20210123 23:26:37.254" level="INFO">GET Response : url=http://127.0.0.1:5000/apiassignment/EUR/RAF/6000/ 
 status=400, reason=BAD REQUEST 
 headers={'Content-Type': 'application/json', 'Content-Length': '159', 'Server': 'Werkzeug/1.0.1 Python/3.7.9', 'Date': 'Sat, 23 Jan 2021 22:26:37 GMT'} 
 body={
    "message": "You have provided one or more invalid Currency Codes. [Required format: currencies=EUR,USD,GBP,...]",
    "type": "invalid_currency_codes"
}
 
 </msg>
<msg timestamp="20210123 23:26:37.255" level="INFO">${response} = &lt;Response [400]&gt;</msg>
<status status="PASS" starttime="20210123 23:26:36.928" endtime="20210123 23:26:37.255"></status>
</kw>
<kw name="Log To Console" library="BuiltIn">
<doc>Logs the given message to the console.</doc>
<arguments>
<arg>${response}</arg>
</arguments>
<status status="PASS" starttime="20210123 23:26:37.256" endtime="20210123 23:26:37.257"></status>
</kw>
<kw name="Return From Keyword" library="BuiltIn">
<doc>Returns from the enclosing user keyword.</doc>
<arguments>
<arg>${response}</arg>
</arguments>
<msg timestamp="20210123 23:26:37.259" level="INFO">Returning from the enclosing user keyword.</msg>
<status status="PASS" starttime="20210123 23:26:37.258" endtime="20210123 23:26:37.259"></status>
</kw>
<msg timestamp="20210123 23:26:37.260" level="INFO">${api_response} = &lt;Response [400]&gt;</msg>
<status status="PASS" starttime="20210123 23:26:36.921" endtime="20210123 23:26:37.261"></status>
</kw>
<kw name="validate status code for response" library="API_Resource">
<arguments>
<arg>${api_response}</arg>
<arg>400</arg>
</arguments>
<kw name="Run Keyword And Return Status" library="BuiltIn">
<doc>Runs the given keyword with given arguments and returns the status as a Boolean value.</doc>
<arguments>
<arg>BuiltIn.Should Be Equal As Strings</arg>
<arg>${response.status_code}</arg>
<arg>${expected_status_code}</arg>
</arguments>
<assign>
<var>${status}</var>
</assign>
<kw name="Should Be Equal As Strings" library="BuiltIn">
<doc>Fails if objects are unequal after converting them to strings.</doc>
<arguments>
<arg>${response.status_code}</arg>
<arg>${expected_status_code}</arg>
</arguments>
<msg timestamp="20210123 23:26:37.266" level="INFO">Argument types are:
&lt;class 'int'&gt;
&lt;type 'unicode'&gt;</msg>
<status status="PASS" starttime="20210123 23:26:37.264" endtime="20210123 23:26:37.266"></status>
</kw>
<msg timestamp="20210123 23:26:37.267" level="INFO">${status} = True</msg>
<status status="PASS" starttime="20210123 23:26:37.263" endtime="20210123 23:26:37.268"></status>
</kw>
<kw name="Run Keyword If" library="BuiltIn">
<doc>Runs the given keyword with the given arguments, if ``condition`` is true.</doc>
<arguments>
<arg>${status}==False</arg>
<arg>BuiltIn.Fail</arg>
</arguments>
<status status="PASS" starttime="20210123 23:26:37.268" endtime="20210123 23:26:37.270"></status>
</kw>
<status status="PASS" starttime="20210123 23:26:37.262" endtime="20210123 23:26:37.270"></status>
</kw>
<kw name="validate error message" library="API_Resource">
<arguments>
<arg>${api_response}</arg>
<arg>${Err_Missing_Curr}</arg>
<arg>${error_code_invalid_code}</arg>
</arguments>
<kw name="Convert String to JSON" library="JSONLibrary">
<doc>Convert String to JSON object</doc>
<arguments>
<arg>${response.content}</arg>
</arguments>
<assign>
<var>${body}</var>
</assign>
<msg timestamp="20210123 23:26:37.275" level="INFO">${body} = {'message': 'You have provided one or more invalid Currency Codes. [Required format: currencies=EUR,USD,GBP,...]', 'type': 'invalid_currency_codes'}</msg>
<status status="PASS" starttime="20210123 23:26:37.273" endtime="20210123 23:26:37.275"></status>
</kw>
<kw name="Get Value From Json" library="JSONLibrary">
<doc>Get Value From JSON using JSONPath</doc>
<arguments>
<arg>${body}</arg>
<arg>$.message</arg>
</arguments>
<assign>
<var>${message}</var>
</assign>
<msg timestamp="20210123 23:26:37.334" level="INFO">${message} = ['You have provided one or more invalid Currency Codes. [Required format: currencies=EUR,USD,GBP,...]']</msg>
<status status="PASS" starttime="20210123 23:26:37.276" endtime="20210123 23:26:37.334"></status>
</kw>
<kw name="Get Value From Json" library="JSONLibrary">
<doc>Get Value From JSON using JSONPath</doc>
<arguments>
<arg>${body}</arg>
<arg>$.type</arg>
</arguments>
<assign>
<var>${response_err_code}</var>
</assign>
<msg timestamp="20210123 23:26:37.384" level="INFO">${response_err_code} = ['invalid_currency_codes']</msg>
<status status="PASS" starttime="20210123 23:26:37.335" endtime="20210123 23:26:37.384"></status>
</kw>
<kw name="Run Keyword And Return Status" library="BuiltIn">
<doc>Runs the given keyword with given arguments and returns the status as a Boolean value.</doc>
<arguments>
<arg>BuiltIn.Should Be Equal As Strings</arg>
<arg>${message}[0]</arg>
<arg>${exepected_error_message}</arg>
</arguments>
<assign>
<var>${Status_from_curr}</var>
</assign>
<kw name="Should Be Equal As Strings" library="BuiltIn">
<doc>Fails if objects are unequal after converting them to strings.</doc>
<arguments>
<arg>${message}[0]</arg>
<arg>${exepected_error_message}</arg>
</arguments>
<status status="PASS" starttime="20210123 23:26:37.386" endtime="20210123 23:26:37.387"></status>
</kw>
<msg timestamp="20210123 23:26:37.388" level="INFO">${Status_from_curr} = True</msg>
<status status="PASS" starttime="20210123 23:26:37.385" endtime="20210123 23:26:37.389"></status>
</kw>
<kw name="Run Keyword If" library="BuiltIn">
<doc>Runs the given keyword with the given arguments, if ``condition`` is true.</doc>
<arguments>
<arg>${Status_from_curr}==False</arg>
<arg>BuiltIn.Fail</arg>
</arguments>
<status status="PASS" starttime="20210123 23:26:37.389" endtime="20210123 23:26:37.390"></status>
</kw>
<kw name="Run Keyword And Return Status" library="BuiltIn">
<doc>Runs the given keyword with given arguments and returns the status as a Boolean value.</doc>
<arguments>
<arg>BuiltIn.Should Be Equal As Strings</arg>
<arg>${response_err_code}[0]</arg>
<arg>${Err_code}</arg>
</arguments>
<assign>
<var>${Status_from_curr}</var>
</assign>
<kw name="Should Be Equal As Strings" library="BuiltIn">
<doc>Fails if objects are unequal after converting them to strings.</doc>
<arguments>
<arg>${response_err_code}[0]</arg>
<arg>${Err_code}</arg>
</arguments>
<status status="PASS" starttime="20210123 23:26:37.391" endtime="20210123 23:26:37.392"></status>
</kw>
<msg timestamp="20210123 23:26:37.393" level="INFO">${Status_from_curr} = True</msg>
<status status="PASS" starttime="20210123 23:26:37.390" endtime="20210123 23:26:37.393"></status>
</kw>
<kw name="Run Keyword If" library="BuiltIn">
<doc>Runs the given keyword with the given arguments, if ``condition`` is true.</doc>
<arguments>
<arg>${Status_from_curr}==False</arg>
<arg>BuiltIn.Fail</arg>
</arguments>
<status status="PASS" starttime="20210123 23:26:37.394" endtime="20210123 23:26:37.394"></status>
</kw>
<status status="PASS" starttime="20210123 23:26:37.271" endtime="20210123 23:26:37.395"></status>
</kw>
<doc>Given To currency is an invalid currency
when From Currency is EUR
then validate the response Code as 400</doc>
<status status="PASS" starttime="20210123 23:26:36.914" endtime="20210123 23:26:37.395" critical="yes"></status>
</test>
<test id="s1-s1-t5" name="Scenario5:Verify the response code and error message If Amount is 0">
<kw name="Hit the URI and get the reponse" library="API_Resource">
<arguments>
<arg>${End_point}</arg>
<arg>${to_currency}</arg>
<arg>0</arg>
</arguments>
<assign>
<var>${api_response}</var>
</assign>
<kw name="Create Session" library="RequestsLibrary">
<doc>Create Session: create a HTTP session to a server</doc>
<arguments>
<arg>exchange_rate_api</arg>
<arg>${End_point}</arg>
</arguments>
<msg timestamp="20210123 23:26:37.403" level="INFO">Creating Session using : alias=exchange_rate_api, url=http://127.0.0.1:5000/apiassignment/EUR, headers={},                     cookies={}, auth=None, timeout=None, proxies=None, verify=False,                     debug=0 </msg>
<status status="PASS" starttime="20210123 23:26:37.402" endtime="20210123 23:26:37.404"></status>
</kw>
<kw name="Get Request" library="RequestsLibrary">
<doc>*DEPRECATED* Please use `GET On Session` instead.</doc>
<arguments>
<arg>exchange_rate_api</arg>
<arg>${to_currency}/${amount}</arg>
</arguments>
<assign>
<var>${response}</var>
</assign>
<msg timestamp="20210123 23:26:37.405" level="WARN">Keyword 'RequestsLibrary.Get Request' is deprecated. Please use `GET On Session` instead.</msg>
<msg timestamp="20210123 23:26:37.422" level="INFO">GET Request : url=http://127.0.0.1:5000/apiassignment/EUR/INR/0 (redirected) 
 path_url=/apiassignment/EUR/INR/0 
 headers={'User-Agent': 'python-requests/2.25.1', 'Accept-Encoding': 'gzip, deflate', 'Accept': '*/*', 'Connection': 'keep-alive'} 
 body=None 
 </msg>
<msg timestamp="20210123 23:26:37.423" level="INFO">GET Response : url=http://127.0.0.1:5000/apiassignment/EUR/INR/0/ 
 status=400, reason=BAD REQUEST 
 headers={'Content-Type': 'application/json', 'Content-Length': '70', 'Server': 'Werkzeug/1.0.1 Python/3.7.9', 'Date': 'Sat, 23 Jan 2021 22:26:37 GMT'} 
 body={
    "message": "Amount is incorrect",
    "type": "invalid input"
}
 
 </msg>
<msg timestamp="20210123 23:26:37.423" level="INFO">${response} = &lt;Response [400]&gt;</msg>
<status status="PASS" starttime="20210123 23:26:37.405" endtime="20210123 23:26:37.424"></status>
</kw>
<kw name="Log To Console" library="BuiltIn">
<doc>Logs the given message to the console.</doc>
<arguments>
<arg>${response}</arg>
</arguments>
<status status="PASS" starttime="20210123 23:26:37.424" endtime="20210123 23:26:37.425"></status>
</kw>
<kw name="Return From Keyword" library="BuiltIn">
<doc>Returns from the enclosing user keyword.</doc>
<arguments>
<arg>${response}</arg>
</arguments>
<msg timestamp="20210123 23:26:37.426" level="INFO">Returning from the enclosing user keyword.</msg>
<status status="PASS" starttime="20210123 23:26:37.425" endtime="20210123 23:26:37.426"></status>
</kw>
<msg timestamp="20210123 23:26:37.428" level="INFO">${api_response} = &lt;Response [400]&gt;</msg>
<status status="PASS" starttime="20210123 23:26:37.400" endtime="20210123 23:26:37.428"></status>
</kw>
<kw name="validate status code for response" library="API_Resource">
<arguments>
<arg>${api_response}</arg>
<arg>400</arg>
</arguments>
<kw name="Run Keyword And Return Status" library="BuiltIn">
<doc>Runs the given keyword with given arguments and returns the status as a Boolean value.</doc>
<arguments>
<arg>BuiltIn.Should Be Equal As Strings</arg>
<arg>${response.status_code}</arg>
<arg>${expected_status_code}</arg>
</arguments>
<assign>
<var>${status}</var>
</assign>
<kw name="Should Be Equal As Strings" library="BuiltIn">
<doc>Fails if objects are unequal after converting them to strings.</doc>
<arguments>
<arg>${response.status_code}</arg>
<arg>${expected_status_code}</arg>
</arguments>
<msg timestamp="20210123 23:26:37.432" level="INFO">Argument types are:
&lt;class 'int'&gt;
&lt;type 'unicode'&gt;</msg>
<status status="PASS" starttime="20210123 23:26:37.432" endtime="20210123 23:26:37.433"></status>
</kw>
<msg timestamp="20210123 23:26:37.433" level="INFO">${status} = True</msg>
<status status="PASS" starttime="20210123 23:26:37.431" endtime="20210123 23:26:37.433"></status>
</kw>
<kw name="Run Keyword If" library="BuiltIn">
<doc>Runs the given keyword with the given arguments, if ``condition`` is true.</doc>
<arguments>
<arg>${status}==False</arg>
<arg>BuiltIn.Fail</arg>
</arguments>
<status status="PASS" starttime="20210123 23:26:37.434" endtime="20210123 23:26:37.434"></status>
</kw>
<status status="PASS" starttime="20210123 23:26:37.429" endtime="20210123 23:26:37.435"></status>
</kw>
<kw name="validate error message" library="API_Resource">
<arguments>
<arg>${api_response}</arg>
<arg>${Err_msg_amount}</arg>
<arg>${error_invalid_input}</arg>
</arguments>
<kw name="Convert String to JSON" library="JSONLibrary">
<doc>Convert String to JSON object</doc>
<arguments>
<arg>${response.content}</arg>
</arguments>
<assign>
<var>${body}</var>
</assign>
<msg timestamp="20210123 23:26:37.438" level="INFO">${body} = {'message': 'Amount is incorrect', 'type': 'invalid input'}</msg>
<status status="PASS" starttime="20210123 23:26:37.437" endtime="20210123 23:26:37.439"></status>
</kw>
<kw name="Get Value From Json" library="JSONLibrary">
<doc>Get Value From JSON using JSONPath</doc>
<arguments>
<arg>${body}</arg>
<arg>$.message</arg>
</arguments>
<assign>
<var>${message}</var>
</assign>
<msg timestamp="20210123 23:26:37.487" level="INFO">${message} = ['Amount is incorrect']</msg>
<status status="PASS" starttime="20210123 23:26:37.439" endtime="20210123 23:26:37.487"></status>
</kw>
<kw name="Get Value From Json" library="JSONLibrary">
<doc>Get Value From JSON using JSONPath</doc>
<arguments>
<arg>${body}</arg>
<arg>$.type</arg>
</arguments>
<assign>
<var>${response_err_code}</var>
</assign>
<msg timestamp="20210123 23:26:37.553" level="INFO">${response_err_code} = ['invalid input']</msg>
<status status="PASS" starttime="20210123 23:26:37.488" endtime="20210123 23:26:37.554"></status>
</kw>
<kw name="Run Keyword And Return Status" library="BuiltIn">
<doc>Runs the given keyword with given arguments and returns the status as a Boolean value.</doc>
<arguments>
<arg>BuiltIn.Should Be Equal As Strings</arg>
<arg>${message}[0]</arg>
<arg>${exepected_error_message}</arg>
</arguments>
<assign>
<var>${Status_from_curr}</var>
</assign>
<kw name="Should Be Equal As Strings" library="BuiltIn">
<doc>Fails if objects are unequal after converting them to strings.</doc>
<arguments>
<arg>${message}[0]</arg>
<arg>${exepected_error_message}</arg>
</arguments>
<status status="PASS" starttime="20210123 23:26:37.555" endtime="20210123 23:26:37.556"></status>
</kw>
<msg timestamp="20210123 23:26:37.556" level="INFO">${Status_from_curr} = True</msg>
<status status="PASS" starttime="20210123 23:26:37.554" endtime="20210123 23:26:37.556"></status>
</kw>
<kw name="Run Keyword If" library="BuiltIn">
<doc>Runs the given keyword with the given arguments, if ``condition`` is true.</doc>
<arguments>
<arg>${Status_from_curr}==False</arg>
<arg>BuiltIn.Fail</arg>
</arguments>
<status status="PASS" starttime="20210123 23:26:37.557" endtime="20210123 23:26:37.558"></status>
</kw>
<kw name="Run Keyword And Return Status" library="BuiltIn">
<doc>Runs the given keyword with given arguments and returns the status as a Boolean value.</doc>
<arguments>
<arg>BuiltIn.Should Be Equal As Strings</arg>
<arg>${response_err_code}[0]</arg>
<arg>${Err_code}</arg>
</arguments>
<assign>
<var>${Status_from_curr}</var>
</assign>
<kw name="Should Be Equal As Strings" library="BuiltIn">
<doc>Fails if objects are unequal after converting them to strings.</doc>
<arguments>
<arg>${response_err_code}[0]</arg>
<arg>${Err_code}</arg>
</arguments>
<status status="PASS" starttime="20210123 23:26:37.559" endtime="20210123 23:26:37.560"></status>
</kw>
<msg timestamp="20210123 23:26:37.560" level="INFO">${Status_from_curr} = True</msg>
<status status="PASS" starttime="20210123 23:26:37.558" endtime="20210123 23:26:37.560"></status>
</kw>
<kw name="Run Keyword If" library="BuiltIn">
<doc>Runs the given keyword with the given arguments, if ``condition`` is true.</doc>
<arguments>
<arg>${Status_from_curr}==False</arg>
<arg>BuiltIn.Fail</arg>
</arguments>
<status status="PASS" starttime="20210123 23:26:37.561" endtime="20210123 23:26:37.561"></status>
</kw>
<status status="PASS" starttime="20210123 23:26:37.436" endtime="20210123 23:26:37.562"></status>
</kw>
<doc>Given Amount is 0
when From Currency and To Currency is Valid
then validate the response Code as 400 and error message</doc>
<status status="PASS" starttime="20210123 23:26:37.397" endtime="20210123 23:26:37.562" critical="yes"></status>
</test>
<test id="s1-s1-t6" name="Scenario6:Validate the response if to currency is provided in small letter">
<kw name="Hit fixed api" library="API_Resource">
<arguments>
<arg>${to_currency}</arg>
</arguments>
<assign>
<var>${response_fixer}</var>
</assign>
<kw name="Create Session" library="RequestsLibrary">
<doc>Create Session: create a HTTP session to a server</doc>
<arguments>
<arg>exchange_rate_api</arg>
<arg>http://data.fixer.io</arg>
</arguments>
<msg timestamp="20210123 23:26:37.567" level="INFO">Creating Session using : alias=exchange_rate_api, url=http://data.fixer.io, headers={},                     cookies={}, auth=None, timeout=None, proxies=None, verify=False,                     debug=0 </msg>
<status status="PASS" starttime="20210123 23:26:37.567" endtime="20210123 23:26:37.568"></status>
</kw>
<kw name="Create Dictionary" library="BuiltIn">
<doc>Creates and returns a dictionary based on the given ``items``.</doc>
<arguments>
<arg>symbols=NOK</arg>
<arg>access_key=b9603b91873ab4a1083da7423b8b0c0f</arg>
</arguments>
<assign>
<var>${query_param}</var>
</assign>
<msg timestamp="20210123 23:26:37.570" level="INFO">${query_param} = {'symbols': 'NOK', 'access_key': 'b9603b91873ab4a1083da7423b8b0c0f'}</msg>
<status status="PASS" starttime="20210123 23:26:37.569" endtime="20210123 23:26:37.571"></status>
</kw>
<kw name="Get Request" library="RequestsLibrary">
<doc>*DEPRECATED* Please use `GET On Session` instead.</doc>
<arguments>
<arg>exchange_rate_api</arg>
<arg>/api/latest?symbols=${to_currency}&amp;access_key=b9603b91873ab4a1083da7423b8b0c0f</arg>
</arguments>
<assign>
<var>${response}</var>
</assign>
<msg timestamp="20210123 23:26:37.573" level="WARN">Keyword 'RequestsLibrary.Get Request' is deprecated. Please use `GET On Session` instead.</msg>
<msg timestamp="20210123 23:26:37.895" level="INFO">GET Request : url=http://data.fixer.io/api/latest?symbols=INR&amp;access_key=b9603b91873ab4a1083da7423b8b0c0f 
 path_url=/api/latest?symbols=INR&amp;access_key=b9603b91873ab4a1083da7423b8b0c0f 
 headers={'User-Agent': 'python-requests/2.25.1', 'Accept-Encoding': 'gzip, deflate', 'Accept': '*/*', 'Connection': 'keep-alive'} 
 body=None 
 </msg>
<msg timestamp="20210123 23:26:37.895" level="INFO">GET Response : url=http://data.fixer.io/api/latest?symbols=INR&amp;access_key=b9603b91873ab4a1083da7423b8b0c0f 
 status=200, reason=OK 
 headers={'Date': 'Sat, 23 Jan 2021 22:26:37 GMT', 'Content-Type': 'application/json; Charset=UTF-8', 'Transfer-Encoding': 'chunked', 'Connection': 'keep-alive', 'Set-Cookie': '__cfduid=da2fde23d1223594649c94bae49894b741611440797; expires=Mon, 22-Feb-21 22:26:37 GMT; path=/; domain=.fixer.io; HttpOnly; SameSite=Lax', 'x-apilayer-transaction-id': '24cf31b1-421b-4ca0-83ae-52febebb52c5', 'access-control-allow-methods': 'GET, HEAD, POST, PUT, PATCH, DELETE, OPTIONS', 'last-modified': 'Sat, 23 Jan 2021 22:08:06 GMT', 'access-control-allow-origin': '*', 'x-request-time': '0.011', 'CF-Cache-Status': 'DYNAMIC', 'cf-request-id': '07d2f44fc700000d4e5d319000000001', 'Report-To': '{"max_age":604800,"endpoints":[{"url":"https:\\/\\/a.nel.cloudflare.com\\/report?s=NdBLpBaLOpsr74meVKNEgNhoc3L89XV%2BF5EWtvdpEXV3KrNVML3E3Rw5J99xHpprJwVscr%2FTEoA4FD4F%2FdiZEQbd%2FIx7czHU1r6Dcz6%2B"}],"group":"cf-nel"}', 'NEL': '{"report_to":"cf-nel","max_age":604800}', 'Server': 'cloudflare', 'CF-RAY': '6164eff93bfc0d4e-ARN', 'Content-Encoding': 'gzip'} 
 body={"success":true,"timestamp":1611439686,"base":"EUR","date":"2021-01-23","rates":{"INR":88.873123}} 
 </msg>
<msg timestamp="20210123 23:26:37.896" level="INFO">${response} = &lt;Response [200]&gt;</msg>
<status status="PASS" starttime="20210123 23:26:37.572" endtime="20210123 23:26:37.896"></status>
</kw>
<kw name="Log To Console" library="BuiltIn">
<doc>Logs the given message to the console.</doc>
<arguments>
<arg>${response.content}</arg>
</arguments>
<status status="PASS" starttime="20210123 23:26:37.896" endtime="20210123 23:26:37.910"></status>
</kw>
<msg timestamp="20210123 23:26:37.911" level="INFO">${response_fixer} = &lt;Response [200]&gt;</msg>
<status status="PASS" starttime="20210123 23:26:37.566" endtime="20210123 23:26:37.911"></status>
</kw>
<kw name=" Fetch exchange rate from fixer" library="API_Resource">
<arguments>
<arg>${response_fixer}</arg>
<arg>${to_currency}</arg>
</arguments>
<assign>
<var>${exchange_rate}</var>
</assign>
<kw name="Convert String to JSON" library="JSONLibrary">
<doc>Convert String to JSON object</doc>
<arguments>
<arg>${reponse.content}</arg>
</arguments>
<assign>
<var>${body}</var>
</assign>
<msg timestamp="20210123 23:26:37.914" level="INFO">${body} = {'success': True, 'timestamp': 1611439686, 'base': 'EUR', 'date': '2021-01-23', 'rates': {'INR': 88.873123}}</msg>
<status status="PASS" starttime="20210123 23:26:37.913" endtime="20210123 23:26:37.915"></status>
</kw>
<kw name="Get Value From Json" library="JSONLibrary">
<doc>Get Value From JSON using JSONPath</doc>
<arguments>
<arg>${body}</arg>
<arg>$.rates</arg>
</arguments>
<assign>
<var>${response_rates}</var>
</assign>
<msg timestamp="20210123 23:26:37.954" level="INFO">${response_rates} = [{'INR': 88.873123}]</msg>
<status status="PASS" starttime="20210123 23:26:37.915" endtime="20210123 23:26:37.954"></status>
</kw>
<kw name="Set Variable" library="BuiltIn">
<doc>Returns the given values which can then be assigned to a variables.</doc>
<arguments>
<arg>${response_rates}[0]</arg>
</arguments>
<assign>
<var>${exchange_rate}</var>
</assign>
<msg timestamp="20210123 23:26:37.956" level="INFO">${exchange_rate} = {'INR': 88.873123}</msg>
<status status="PASS" starttime="20210123 23:26:37.955" endtime="20210123 23:26:37.956"></status>
</kw>
<kw name="Get Value From Json" library="JSONLibrary">
<doc>Get Value From JSON using JSONPath</doc>
<arguments>
<arg>${exchange_rate}</arg>
<arg>$.${to_currency}</arg>
</arguments>
<assign>
<var>${final_rate}</var>
</assign>
<msg timestamp="20210123 23:26:38.024" level="INFO">${final_rate} = [88.873123]</msg>
<status status="PASS" starttime="20210123 23:26:37.957" endtime="20210123 23:26:38.024"></status>
</kw>
<msg timestamp="20210123 23:26:38.025" level="INFO">${exchange_rate} = 88.873123</msg>
<status status="PASS" starttime="20210123 23:26:37.912" endtime="20210123 23:26:38.025"></status>
</kw>
<kw name="Hit the URI and get the reponse" library="API_Resource">
<arguments>
<arg>${End_point}</arg>
<arg>${to_currency_small_letter}</arg>
<arg>${amount}</arg>
</arguments>
<assign>
<var>${api_response}</var>
</assign>
<kw name="Create Session" library="RequestsLibrary">
<doc>Create Session: create a HTTP session to a server</doc>
<arguments>
<arg>exchange_rate_api</arg>
<arg>${End_point}</arg>
</arguments>
<msg timestamp="20210123 23:26:38.028" level="INFO">Creating Session using : alias=exchange_rate_api, url=http://127.0.0.1:5000/apiassignment/EUR, headers={},                     cookies={}, auth=None, timeout=None, proxies=None, verify=False,                     debug=0 </msg>
<status status="PASS" starttime="20210123 23:26:38.027" endtime="20210123 23:26:38.029"></status>
</kw>
<kw name="Get Request" library="RequestsLibrary">
<doc>*DEPRECATED* Please use `GET On Session` instead.</doc>
<arguments>
<arg>exchange_rate_api</arg>
<arg>${to_currency}/${amount}</arg>
</arguments>
<assign>
<var>${response}</var>
</assign>
<msg timestamp="20210123 23:26:38.030" level="WARN">Keyword 'RequestsLibrary.Get Request' is deprecated. Please use `GET On Session` instead.</msg>
<msg timestamp="20210123 23:26:38.329" level="INFO">GET Request : url=http://127.0.0.1:5000/apiassignment/EUR/inr/6000 (redirected) 
 path_url=/apiassignment/EUR/inr/6000 
 headers={'User-Agent': 'python-requests/2.25.1', 'Accept-Encoding': 'gzip, deflate', 'Accept': '*/*', 'Connection': 'keep-alive'} 
 body=None 
 </msg>
<msg timestamp="20210123 23:26:38.330" level="INFO">GET Response : url=http://127.0.0.1:5000/apiassignment/EUR/inr/6000/ 
 status=200, reason=OK 
 headers={'Content-Type': 'application/json', 'Content-Length': '185', 'Server': 'Werkzeug/1.0.1 Python/3.7.9', 'Date': 'Sat, 23 Jan 2021 22:26:38 GMT'} 
 body={
    "Timestamp": "2021-01-23 23:26:38.326339",
    "From_Curr": "EUR",
    "To_Curr": "INR",
    "Amount": 6000,
    "exchange_rate": 88.873123,
    "calculated_Amount": 533238.738
}
 
 </msg>
<msg timestamp="20210123 23:26:38.331" level="INFO">${response} = &lt;Response [200]&gt;</msg>
<status status="PASS" starttime="20210123 23:26:38.030" endtime="20210123 23:26:38.331"></status>
</kw>
<kw name="Log To Console" library="BuiltIn">
<doc>Logs the given message to the console.</doc>
<arguments>
<arg>${response}</arg>
</arguments>
<status status="PASS" starttime="20210123 23:26:38.332" endtime="20210123 23:26:38.334"></status>
</kw>
<kw name="Return From Keyword" library="BuiltIn">
<doc>Returns from the enclosing user keyword.</doc>
<arguments>
<arg>${response}</arg>
</arguments>
<msg timestamp="20210123 23:26:38.338" level="INFO">Returning from the enclosing user keyword.</msg>
<status status="PASS" starttime="20210123 23:26:38.336" endtime="20210123 23:26:38.339"></status>
</kw>
<msg timestamp="20210123 23:26:38.341" level="INFO">${api_response} = &lt;Response [200]&gt;</msg>
<status status="PASS" starttime="20210123 23:26:38.026" endtime="20210123 23:26:38.342"></status>
</kw>
<kw name="validate status code for response" library="API_Resource">
<arguments>
<arg>${api_response}</arg>
<arg>200</arg>
</arguments>
<kw name="Run Keyword And Return Status" library="BuiltIn">
<doc>Runs the given keyword with given arguments and returns the status as a Boolean value.</doc>
<arguments>
<arg>BuiltIn.Should Be Equal As Strings</arg>
<arg>${response.status_code}</arg>
<arg>${expected_status_code}</arg>
</arguments>
<assign>
<var>${status}</var>
</assign>
<kw name="Should Be Equal As Strings" library="BuiltIn">
<doc>Fails if objects are unequal after converting them to strings.</doc>
<arguments>
<arg>${response.status_code}</arg>
<arg>${expected_status_code}</arg>
</arguments>
<msg timestamp="20210123 23:26:38.352" level="INFO">Argument types are:
&lt;class 'int'&gt;
&lt;type 'unicode'&gt;</msg>
<status status="PASS" starttime="20210123 23:26:38.349" endtime="20210123 23:26:38.353"></status>
</kw>
<msg timestamp="20210123 23:26:38.355" level="INFO">${status} = True</msg>
<status status="PASS" starttime="20210123 23:26:38.347" endtime="20210123 23:26:38.356"></status>
</kw>
<kw name="Run Keyword If" library="BuiltIn">
<doc>Runs the given keyword with the given arguments, if ``condition`` is true.</doc>
<arguments>
<arg>${status}==False</arg>
<arg>BuiltIn.Fail</arg>
</arguments>
<status status="PASS" starttime="20210123 23:26:38.357" endtime="20210123 23:26:38.358"></status>
</kw>
<status status="PASS" starttime="20210123 23:26:38.344" endtime="20210123 23:26:38.359"></status>
</kw>
<kw name="validate json response parameter" library="API_Resource">
<arguments>
<arg>${api_response}</arg>
</arguments>
<kw name="Convert String to JSON" library="JSONLibrary">
<doc>Convert String to JSON object</doc>
<arguments>
<arg>${response.content}</arg>
</arguments>
<assign>
<var>${body}</var>
</assign>
<msg timestamp="20210123 23:26:38.363" level="INFO">${body} = {'Timestamp': '2021-01-23 23:26:38.326339', 'From_Curr': 'EUR', 'To_Curr': 'INR', 'Amount': 6000, 'exchange_rate': 88.873123, 'calculated_Amount': 533238.738}</msg>
<status status="PASS" starttime="20210123 23:26:38.362" endtime="20210123 23:26:38.363"></status>
</kw>
<kw name="Log To Console" library="BuiltIn">
<doc>Logs the given message to the console.</doc>
<arguments>
<arg>${body}</arg>
</arguments>
<status status="PASS" starttime="20210123 23:26:38.365" endtime="20210123 23:26:38.366"></status>
</kw>
<kw name="Run Keyword And Return Status" library="BuiltIn">
<doc>Runs the given keyword with given arguments and returns the status as a Boolean value.</doc>
<arguments>
<arg>BuiltIn.Should Contain</arg>
<arg>${body}</arg>
<arg>From_Curr</arg>
</arguments>
<assign>
<var>${status}</var>
</assign>
<kw name="Should Contain" library="BuiltIn">
<doc>Fails if ``container`` does not contain ``item`` one or more times.</doc>
<arguments>
<arg>${body}</arg>
<arg>From_Curr</arg>
</arguments>
<status status="PASS" starttime="20210123 23:26:38.368" endtime="20210123 23:26:38.370"></status>
</kw>
<msg timestamp="20210123 23:26:38.371" level="INFO">${status} = True</msg>
<status status="PASS" starttime="20210123 23:26:38.367" endtime="20210123 23:26:38.371"></status>
</kw>
<kw name="Run Keyword If" library="BuiltIn">
<doc>Runs the given keyword with the given arguments, if ``condition`` is true.</doc>
<arguments>
<arg>'${status}'=='False'</arg>
<arg>BuiltIn.Fail</arg>
</arguments>
<status status="PASS" starttime="20210123 23:26:38.372" endtime="20210123 23:26:38.373"></status>
</kw>
<kw name="Run Keyword And Return Status" library="BuiltIn">
<doc>Runs the given keyword with given arguments and returns the status as a Boolean value.</doc>
<arguments>
<arg>BuiltIn.Should Contain</arg>
<arg>${body}</arg>
<arg>Amount</arg>
</arguments>
<assign>
<var>${status}</var>
</assign>
<kw name="Should Contain" library="BuiltIn">
<doc>Fails if ``container`` does not contain ``item`` one or more times.</doc>
<arguments>
<arg>${body}</arg>
<arg>Amount</arg>
</arguments>
<status status="PASS" starttime="20210123 23:26:38.375" endtime="20210123 23:26:38.375"></status>
</kw>
<msg timestamp="20210123 23:26:38.376" level="INFO">${status} = True</msg>
<status status="PASS" starttime="20210123 23:26:38.374" endtime="20210123 23:26:38.376"></status>
</kw>
<kw name="Run Keyword If" library="BuiltIn">
<doc>Runs the given keyword with the given arguments, if ``condition`` is true.</doc>
<arguments>
<arg>'${status}'=='False'</arg>
<arg>BuiltIn.Fail</arg>
</arguments>
<status status="PASS" starttime="20210123 23:26:38.377" endtime="20210123 23:26:38.378"></status>
</kw>
<kw name="Run Keyword And Return Status" library="BuiltIn">
<doc>Runs the given keyword with given arguments and returns the status as a Boolean value.</doc>
<arguments>
<arg>BuiltIn.Should Contain</arg>
<arg>${body}</arg>
<arg>exchange_rate</arg>
</arguments>
<assign>
<var>${status}</var>
</assign>
<kw name="Should Contain" library="BuiltIn">
<doc>Fails if ``container`` does not contain ``item`` one or more times.</doc>
<arguments>
<arg>${body}</arg>
<arg>exchange_rate</arg>
</arguments>
<status status="PASS" starttime="20210123 23:26:38.380" endtime="20210123 23:26:38.381"></status>
</kw>
<msg timestamp="20210123 23:26:38.382" level="INFO">${status} = True</msg>
<status status="PASS" starttime="20210123 23:26:38.379" endtime="20210123 23:26:38.382"></status>
</kw>
<kw name="Run Keyword If" library="BuiltIn">
<doc>Runs the given keyword with the given arguments, if ``condition`` is true.</doc>
<arguments>
<arg>'${status}'=='False'</arg>
<arg>BuiltIn.Fail</arg>
</arguments>
<status status="PASS" starttime="20210123 23:26:38.382" endtime="20210123 23:26:38.383"></status>
</kw>
<kw name="Run Keyword And Return Status" library="BuiltIn">
<doc>Runs the given keyword with given arguments and returns the status as a Boolean value.</doc>
<arguments>
<arg>BuiltIn.Should Contain</arg>
<arg>${body}</arg>
<arg>calculated_Amount</arg>
</arguments>
<assign>
<var>${status}</var>
</assign>
<kw name="Should Contain" library="BuiltIn">
<doc>Fails if ``container`` does not contain ``item`` one or more times.</doc>
<arguments>
<arg>${body}</arg>
<arg>calculated_Amount</arg>
</arguments>
<status status="PASS" starttime="20210123 23:26:38.386" endtime="20210123 23:26:38.387"></status>
</kw>
<msg timestamp="20210123 23:26:38.388" level="INFO">${status} = True</msg>
<status status="PASS" starttime="20210123 23:26:38.384" endtime="20210123 23:26:38.388"></status>
</kw>
<kw name="Run Keyword If" library="BuiltIn">
<doc>Runs the given keyword with the given arguments, if ``condition`` is true.</doc>
<arguments>
<arg>'${status}'=='False'</arg>
<arg>BuiltIn.Fail</arg>
</arguments>
<status status="PASS" starttime="20210123 23:26:38.389" endtime="20210123 23:26:38.390"></status>
</kw>
<status status="PASS" starttime="20210123 23:26:38.360" endtime="20210123 23:26:38.391"></status>
</kw>
<kw name="check values in response json" library="API_Resource">
<arguments>
<arg>${api_response}</arg>
<arg>${from_currency}</arg>
<arg>${to_currency_small_letter}</arg>
<arg>${amount}</arg>
<arg>${exchange_rate}</arg>
</arguments>
<kw name="Convert String to JSON" library="JSONLibrary">
<doc>Convert String to JSON object</doc>
<arguments>
<arg>${response.content}</arg>
</arguments>
<assign>
<var>${body}</var>
</assign>
<msg timestamp="20210123 23:26:38.395" level="INFO">${body} = {'Timestamp': '2021-01-23 23:26:38.326339', 'From_Curr': 'EUR', 'To_Curr': 'INR', 'Amount': 6000, 'exchange_rate': 88.873123, 'calculated_Amount': 533238.738}</msg>
<status status="PASS" starttime="20210123 23:26:38.394" endtime="20210123 23:26:38.395"></status>
</kw>
<kw name="Get Value From Json" library="JSONLibrary">
<doc>Get Value From JSON using JSONPath</doc>
<arguments>
<arg>${body}</arg>
<arg>$.From_Curr</arg>
</arguments>
<assign>
<var>${From_currency_response}</var>
</assign>
<msg timestamp="20210123 23:26:38.433" level="INFO">${From_currency_response} = ['EUR']</msg>
<status status="PASS" starttime="20210123 23:26:38.396" endtime="20210123 23:26:38.434"></status>
</kw>
<kw name="Get Value From Json" library="JSONLibrary">
<doc>Get Value From JSON using JSONPath</doc>
<arguments>
<arg>${body}</arg>
<arg>$.To_Curr</arg>
</arguments>
<assign>
<var>${To_currency_response}</var>
</assign>
<msg timestamp="20210123 23:26:38.482" level="INFO">${To_currency_response} = ['INR']</msg>
<status status="PASS" starttime="20210123 23:26:38.434" endtime="20210123 23:26:38.482"></status>
</kw>
<kw name="Get Value From Json" library="JSONLibrary">
<doc>Get Value From JSON using JSONPath</doc>
<arguments>
<arg>${body}</arg>
<arg>$.Amount</arg>
</arguments>
<assign>
<var>${Amount_response}</var>
</assign>
<msg timestamp="20210123 23:26:38.521" level="INFO">${Amount_response} = [6000]</msg>
<status status="PASS" starttime="20210123 23:26:38.483" endtime="20210123 23:26:38.521"></status>
</kw>
<kw name="Get Value From Json" library="JSONLibrary">
<doc>Get Value From JSON using JSONPath</doc>
<arguments>
<arg>${body}</arg>
<arg>$.exchange_rate</arg>
</arguments>
<assign>
<var>${exchange_rate_response}</var>
</assign>
<msg timestamp="20210123 23:26:38.564" level="INFO">${exchange_rate_response} = [88.873123]</msg>
<status status="PASS" starttime="20210123 23:26:38.522" endtime="20210123 23:26:38.564"></status>
</kw>
<kw name="Get Value From Json" library="JSONLibrary">
<doc>Get Value From JSON using JSONPath</doc>
<arguments>
<arg>${body}</arg>
<arg>$.calculated_Amount</arg>
[...]
</kw>
<kw name="Convert To Upper Case" library="String">
<doc>Converts string to upper case.</doc>
<arguments>
<arg>${to_currency}</arg>
</arguments>
<assign>
<var>${to_currency}</var>
</assign>
<msg timestamp="20210123 23:26:38.613" level="INFO">${to_currency} = INR</msg>
<status status="PASS" starttime="20210123 23:26:38.612" endtime="20210123 23:26:38.613"></status>
</kw>
<kw name="Run Keyword And Return Status" library="BuiltIn">
<doc>Runs the given keyword with given arguments and returns the status as a Boolean value.</doc>
<arguments>
<arg>BuiltIn.Should Be Equal As Strings</arg>
<arg>${From_currency_response}[0]</arg>
<arg>${from_currency}</arg>
</arguments>
<assign>
<var>${Status_from_curr}</var>
</assign>
<kw name="Should Be Equal As Strings" library="BuiltIn">
<doc>Fails if objects are unequal after converting them to strings.</doc>
<arguments>
<arg>${From_currency_response}[0]</arg>
<arg>${from_currency}</arg>
</arguments>
<status status="PASS" starttime="20210123 23:26:38.615" endtime="20210123 23:26:38.616"></status>
</kw>
<msg timestamp="20210123 23:26:38.617" level="INFO">${Status_from_curr} = True</msg>
<status status="PASS" starttime="20210123 23:26:38.614" endtime="20210123 23:26:38.617"></status>
</kw>
<kw name="Run Keyword If" library="BuiltIn">
<doc>Runs the given keyword with the given arguments, if ``condition`` is true.</doc>
<arguments>
<arg>${Status_from_curr}==False</arg>
<arg>BuiltIn.Fail</arg>
</arguments>
<status status="PASS" starttime="20210123 23:26:38.618" endtime="20210123 23:26:38.619"></status>
</kw>
<kw name="Run Keyword And Return Status" library="BuiltIn">
<doc>Runs the given keyword with given arguments and returns the status as a Boolean value.</doc>
<arguments>
<arg>BuiltIn.Should Be Equal As Strings</arg>
<arg>${To_currency_response}[0]</arg>
<arg>${to_currency}</arg>
</arguments>
<assign>
<var>${Status_To_Curr}</var>
</assign>
<kw name="Should Be Equal As Strings" library="BuiltIn">
<doc>Fails if objects are unequal after converting them to strings.</doc>
<arguments>
<arg>${To_currency_response}[0]</arg>
<arg>${to_currency}</arg>
</arguments>
<status status="PASS" starttime="20210123 23:26:38.620" endtime="20210123 23:26:38.621"></status>
</kw>
<msg timestamp="20210123 23:26:38.622" level="INFO">${Status_To_Curr} = True</msg>
<status status="PASS" starttime="20210123 23:26:38.619" endtime="20210123 23:26:38.622"></status>
</kw>
<kw name="Run Keyword If" library="BuiltIn">
<doc>Runs the given keyword with the given arguments, if ``condition`` is true.</doc>
<arguments>
<arg>${Status_To_Curr}==False</arg>
<arg>BuiltIn.Fail</arg>
</arguments>
<status status="PASS" starttime="20210123 23:26:38.623" endtime="20210123 23:26:38.624"></status>
</kw>
<kw name="Run Keyword And Return Status" library="BuiltIn">
<doc>Runs the given keyword with given arguments and returns the status as a Boolean value.</doc>
<arguments>
<arg>BuiltIn.Should Be Equal As Strings</arg>
<arg>${Amount_response}[0]</arg>
<arg>${amount}</arg>
</arguments>
<assign>
<var>${Status_Amount}</var>
</assign>
<kw name="Should Be Equal As Strings" library="BuiltIn">
<doc>Fails if objects are unequal after converting them to strings.</doc>
<arguments>
<arg>${Amount_response}[0]</arg>
<arg>${amount}</arg>
</arguments>
<msg timestamp="20210123 23:26:38.627" level="INFO">Argument types are:
&lt;class 'int'&gt;
&lt;type 'unicode'&gt;</msg>
<status status="PASS" starttime="20210123 23:26:38.626" endtime="20210123 23:26:38.628"></status>
</kw>
<msg timestamp="20210123 23:26:38.628" level="INFO">${Status_Amount} = True</msg>
<status status="PASS" starttime="20210123 23:26:38.625" endtime="20210123 23:26:38.629"></status>
</kw>
<kw name="Run Keyword If" library="BuiltIn">
<doc>Runs the given keyword with the given arguments, if ``condition`` is true.</doc>
<arguments>
<arg>${Status_Amount}==False</arg>
<arg>BuiltIn.Fail</arg>
</arguments>
<status status="PASS" starttime="20210123 23:26:38.629" endtime="20210123 23:26:38.630"></status>
</kw>
<kw name="Run Keyword And Return Status" library="BuiltIn">
<doc>Runs the given keyword with given arguments and returns the status as a Boolean value.</doc>
<arguments>
<arg>BuiltIn.Should Be Equal As Strings</arg>
<arg>${exchange_rate_response}[0]</arg>
<arg>${exchange_rate}</arg>
</arguments>
<assign>
<var>${Status_exchange_rate}</var>
</assign>
<kw name="Should Be Equal As Strings" library="BuiltIn">
<doc>Fails if objects are unequal after converting them to strings.</doc>
<arguments>
<arg>${exchange_rate_response}[0]</arg>
<arg>${exchange_rate}</arg>
</arguments>
<status status="PASS" starttime="20210123 23:26:38.632" endtime="20210123 23:26:38.634"></status>
</kw>
<msg timestamp="20210123 23:26:38.634" level="INFO">${Status_exchange_rate} = True</msg>
<status status="PASS" starttime="20210123 23:26:38.631" endtime="20210123 23:26:38.635"></status>
</kw>
<kw name="Run Keyword If" library="BuiltIn">
<doc>Runs the given keyword with the given arguments, if ``condition`` is true.</doc>
<arguments>
<arg>${Status_exchange_rate}==False</arg>
<arg>BuiltIn.Fail</arg>
</arguments>
<status status="PASS" starttime="20210123 23:26:38.635" endtime="20210123 23:26:38.636"></status>
</kw>
<status status="PASS" starttime="20210123 23:26:38.392" endtime="20210123 23:26:38.636"></status>
</kw>
<kw name="calculate the amount for to currency" library="API_Resource">
<arguments>
<arg>${api_response}</arg>
<arg>${amount}</arg>
</arguments>
<kw name="Convert String to JSON" library="JSONLibrary">
<doc>Convert String to JSON object</doc>
<arguments>
<arg>${response.content}</arg>
</arguments>
<assign>
<var>${body}</var>
</assign>
<msg timestamp="20210123 23:26:38.640" level="INFO">${body} = {'Timestamp': '2021-01-23 23:26:38.326339', 'From_Curr': 'EUR', 'To_Curr': 'INR', 'Amount': 6000, 'exchange_rate': 88.873123, 'calculated_Amount': 533238.738}</msg>
<status status="PASS" starttime="20210123 23:26:38.639" endtime="20210123 23:26:38.641"></status>
</kw>
<kw name="Get Value From Json" library="JSONLibrary">
<doc>Get Value From JSON using JSONPath</doc>
<arguments>
<arg>${body}</arg>
<arg>$.calculated_Amount</arg>
</arguments>
<assign>
<var>${calculated_Amount_response}</var>
</assign>
<msg timestamp="20210123 23:26:38.717" level="INFO">${calculated_Amount_response} = [533238.738]</msg>
<status status="PASS" starttime="20210123 23:26:38.641" endtime="20210123 23:26:38.717"></status>
</kw>
<kw name="Get Value From Json" library="JSONLibrary">
<doc>Get Value From JSON using JSONPath</doc>
<arguments>
<arg>${body}</arg>
<arg>$.exchange_rate</arg>
</arguments>
<assign>
<var>${exchange_rate_response}</var>
</assign>
<msg timestamp="20210123 23:26:38.802" level="INFO">${exchange_rate_response} = [88.873123]</msg>
<status status="PASS" starttime="20210123 23:26:38.718" endtime="20210123 23:26:38.803"></status>
</kw>
<kw name="Convert To Number" library="BuiltIn">
<doc>Converts the given item to a floating point number.</doc>
<arguments>
<arg>${exchange_rate_response}[0]</arg>
</arguments>
<assign>
<var>${exchange_rate_response}</var>
</assign>
<msg timestamp="20210123 23:26:38.804" level="INFO">${exchange_rate_response} = 88.873123</msg>
<status status="PASS" starttime="20210123 23:26:38.803" endtime="20210123 23:26:38.804"></status>
</kw>
<kw name="Evaluate" library="BuiltIn">
<doc>Evaluates the given expression in Python and returns the result.</doc>
<arguments>
<arg>${exchange_rate_response}*${amount}</arg>
</arguments>
<assign>
<var>${Calulation}</var>
</assign>
<msg timestamp="20210123 23:26:38.805" level="INFO">${Calulation} = 533238.738</msg>
<status status="PASS" starttime="20210123 23:26:38.804" endtime="20210123 23:26:38.805"></status>
</kw>
<kw name="Run Keyword And Return" library="BuiltIn">
<doc>Runs the specified keyword and returns from the enclosing user keyword.</doc>
<arguments>
<arg>BuiltIn.Should Be Equal</arg>
<arg>${calculated_Amount_response}[0]</arg>
<arg>${Calulation}</arg>
</arguments>
<assign>
<var>${Status_calculation_comaprison}</var>
</assign>
<kw name="Should Be Equal" library="BuiltIn">
<doc>Fails if the given objects are unequal.</doc>
<arguments>
<arg>${calculated_Amount_response}[0]</arg>
<arg>${Calulation}</arg>
</arguments>
<status status="PASS" starttime="20210123 23:26:38.806" endtime="20210123 23:26:38.807"></status>
</kw>
<msg timestamp="20210123 23:26:38.807" level="INFO">Returning from the enclosing user keyword.</msg>
<status status="PASS" starttime="20210123 23:26:38.806" endtime="20210123 23:26:38.807"></status>
</kw>
<status status="PASS" starttime="20210123 23:26:38.638" endtime="20210123 23:26:38.808"></status>
</kw>
<doc>Given a valid to currency is provided in small letters
when To Currency is Valid
then validate the response Code as 400 and error message</doc>
<status status="PASS" starttime="20210123 23:26:37.563" endtime="20210123 23:26:38.808" critical="yes"></status>
</test>
<test id="s1-s1-t7" name="Scenario7:Verify If To currency is in invalid pattern">
<kw name="Hit the URI and get the reponse" library="API_Resource">
<arguments>
<arg>${End_point}</arg>
<arg>${invalid_pattern_currency}</arg>
<arg>${amount}</arg>
</arguments>
<assign>
<var>${api_response}</var>
</assign>
<kw name="Create Session" library="RequestsLibrary">
<doc>Create Session: create a HTTP session to a server</doc>
<arguments>
<arg>exchange_rate_api</arg>
<arg>${End_point}</arg>
</arguments>
<msg timestamp="20210123 23:26:38.814" level="INFO">Creating Session using : alias=exchange_rate_api, url=http://127.0.0.1:5000/apiassignment/EUR, headers={},                     cookies={}, auth=None, timeout=None, proxies=None, verify=False,                     debug=0 </msg>
<status status="PASS" starttime="20210123 23:26:38.813" endtime="20210123 23:26:38.814"></status>
</kw>
<kw name="Get Request" library="RequestsLibrary">
<doc>*DEPRECATED* Please use `GET On Session` instead.</doc>
<arguments>
<arg>exchange_rate_api</arg>
<arg>${to_currency}/${amount}</arg>
</arguments>
<assign>
<var>${response}</var>
</assign>
<msg timestamp="20210123 23:26:38.815" level="WARN">Keyword 'RequestsLibrary.Get Request' is deprecated. Please use `GET On Session` instead.</msg>
<msg timestamp="20210123 23:26:38.828" level="INFO">GET Request : url=http://127.0.0.1:5000/apiassignment/EUR/AU/6000 (redirected) 
 path_url=/apiassignment/EUR/AU/6000 
 headers={'User-Agent': 'python-requests/2.25.1', 'Accept-Encoding': 'gzip, deflate', 'Accept': '*/*', 'Connection': 'keep-alive'} 
 body=None 
 </msg>
<msg timestamp="20210123 23:26:38.829" level="INFO">GET Response : url=http://127.0.0.1:5000/apiassignment/EUR/AU/6000/ 
 status=400, reason=BAD REQUEST 
 headers={'Content-Type': 'application/json', 'Content-Length': '90', 'Server': 'Werkzeug/1.0.1 Python/3.7.9', 'Date': 'Sat, 23 Jan 2021 22:26:38 GMT'} 
 body={
    "message": "to_curr parameter should contain 3 char",
    "type": "invalid input"
}
 
 </msg>
<msg timestamp="20210123 23:26:38.829" level="INFO">${response} = &lt;Response [400]&gt;</msg>
<status status="PASS" starttime="20210123 23:26:38.815" endtime="20210123 23:26:38.829"></status>
</kw>
<kw name="Log To Console" library="BuiltIn">
<doc>Logs the given message to the console.</doc>
<arguments>
<arg>${response}</arg>
</arguments>
<status status="PASS" starttime="20210123 23:26:38.829" endtime="20210123 23:26:38.830"></status>
</kw>
<kw name="Return From Keyword" library="BuiltIn">
<doc>Returns from the enclosing user keyword.</doc>
<arguments>
<arg>${response}</arg>
</arguments>
<msg timestamp="20210123 23:26:38.831" level="INFO">Returning from the enclosing user keyword.</msg>
<status status="PASS" starttime="20210123 23:26:38.830" endtime="20210123 23:26:38.831"></status>
</kw>
<msg timestamp="20210123 23:26:38.832" level="INFO">${api_response} = &lt;Response [400]&gt;</msg>
<status status="PASS" starttime="20210123 23:26:38.811" endtime="20210123 23:26:38.832"></status>
</kw>
<kw name="validate status code for response" library="API_Resource">
<arguments>
<arg>${api_response}</arg>
<arg>400</arg>
</arguments>
<kw name="Run Keyword And Return Status" library="BuiltIn">
<doc>Runs the given keyword with given arguments and returns the status as a Boolean value.</doc>
<arguments>
<arg>BuiltIn.Should Be Equal As Strings</arg>
<arg>${response.status_code}</arg>
<arg>${expected_status_code}</arg>
</arguments>
<assign>
<var>${status}</var>
</assign>
<kw name="Should Be Equal As Strings" library="BuiltIn">
<doc>Fails if objects are unequal after converting them to strings.</doc>
<arguments>
<arg>${response.status_code}</arg>
<arg>${expected_status_code}</arg>
</arguments>
<msg timestamp="20210123 23:26:38.835" level="INFO">Argument types are:
&lt;class 'int'&gt;
&lt;type 'unicode'&gt;</msg>
<status status="PASS" starttime="20210123 23:26:38.834" endtime="20210123 23:26:38.836"></status>
</kw>
<msg timestamp="20210123 23:26:38.836" level="INFO">${status} = True</msg>
<status status="PASS" starttime="20210123 23:26:38.834" endtime="20210123 23:26:38.836"></status>
</kw>
<kw name="Run Keyword If" library="BuiltIn">
<doc>Runs the given keyword with the given arguments, if ``condition`` is true.</doc>
<arguments>
<arg>${status}==False</arg>
<arg>BuiltIn.Fail</arg>
</arguments>
<status status="PASS" starttime="20210123 23:26:38.837" endtime="20210123 23:26:38.837"></status>
</kw>
<status status="PASS" starttime="20210123 23:26:38.833" endtime="20210123 23:26:38.838"></status>
</kw>
<kw name="validate error message" library="API_Resource">
<arguments>
<arg>${api_response}</arg>
<arg>${error_currency_length}</arg>
<arg>${error_invalid_input}</arg>
</arguments>
<kw name="Convert String to JSON" library="JSONLibrary">
<doc>Convert String to JSON object</doc>
<arguments>
<arg>${response.content}</arg>
</arguments>
<assign>
<var>${body}</var>
</assign>
<msg timestamp="20210123 23:26:38.840" level="INFO">${body} = {'message': 'to_curr parameter should contain 3 char', 'type': 'invalid input'}</msg>
<status status="PASS" starttime="20210123 23:26:38.839" endtime="20210123 23:26:38.840"></status>
</kw>
<kw name="Get Value From Json" library="JSONLibrary">
<doc>Get Value From JSON using JSONPath</doc>
<arguments>
<arg>${body}</arg>
<arg>$.message</arg>
</arguments>
<assign>
<var>${message}</var>
</assign>
<msg timestamp="20210123 23:26:38.875" level="INFO">${message} = ['to_curr parameter should contain 3 char']</msg>
<status status="PASS" starttime="20210123 23:26:38.840" endtime="20210123 23:26:38.876"></status>
</kw>
<kw name="Get Value From Json" library="JSONLibrary">
<doc>Get Value From JSON using JSONPath</doc>
<arguments>
<arg>${body}</arg>
<arg>$.type</arg>
</arguments>
<assign>
<var>${response_err_code}</var>
</assign>
<msg timestamp="20210123 23:26:38.926" level="INFO">${response_err_code} = ['invalid input']</msg>
<status status="PASS" starttime="20210123 23:26:38.876" endtime="20210123 23:26:38.926"></status>
</kw>
<kw name="Run Keyword And Return Status" library="BuiltIn">
<doc>Runs the given keyword with given arguments and returns the status as a Boolean value.</doc>
<arguments>
<arg>BuiltIn.Should Be Equal As Strings</arg>
<arg>${message}[0]</arg>
<arg>${exepected_error_message}</arg>
</arguments>
<assign>
<var>${Status_from_curr}</var>
</assign>
<kw name="Should Be Equal As Strings" library="BuiltIn">
<doc>Fails if objects are unequal after converting them to strings.</doc>
<arguments>
<arg>${message}[0]</arg>
<arg>${exepected_error_message}</arg>
</arguments>
<status status="PASS" starttime="20210123 23:26:38.927" endtime="20210123 23:26:38.928"></status>
</kw>
<msg timestamp="20210123 23:26:38.928" level="INFO">${Status_from_curr} = True</msg>
<status status="PASS" starttime="20210123 23:26:38.926" endtime="20210123 23:26:38.928"></status>
</kw>
<kw name="Run Keyword If" library="BuiltIn">
<doc>Runs the given keyword with the given arguments, if ``condition`` is true.</doc>
<arguments>
<arg>${Status_from_curr}==False</arg>
<arg>BuiltIn.Fail</arg>
</arguments>
<status status="PASS" starttime="20210123 23:26:38.929" endtime="20210123 23:26:38.929"></status>
</kw>
<kw name="Run Keyword And Return Status" library="BuiltIn">
<doc>Runs the given keyword with given arguments and returns the status as a Boolean value.</doc>
<arguments>
<arg>BuiltIn.Should Be Equal As Strings</arg>
<arg>${response_err_code}[0]</arg>
<arg>${Err_code}</arg>
</arguments>
<assign>
<var>${Status_from_curr}</var>
</assign>
<kw name="Should Be Equal As Strings" library="BuiltIn">
<doc>Fails if objects are unequal after converting them to strings.</doc>
<arguments>
<arg>${response_err_code}[0]</arg>
<arg>${Err_code}</arg>
</arguments>
<status status="PASS" starttime="20210123 23:26:38.930" endtime="20210123 23:26:38.931"></status>
</kw>
<msg timestamp="20210123 23:26:38.931" level="INFO">${Status_from_curr} = True</msg>
<status status="PASS" starttime="20210123 23:26:38.930" endtime="20210123 23:26:38.931"></status>
</kw>
<kw name="Run Keyword If" library="BuiltIn">
<doc>Runs the given keyword with the given arguments, if ``condition`` is true.</doc>
<arguments>
<arg>${Status_from_curr}==False</arg>
<arg>BuiltIn.Fail</arg>
</arguments>
<status status="PASS" starttime="20210123 23:26:38.932" endtime="20210123 23:26:38.932"></status>
</kw>
<status status="PASS" starttime="20210123 23:26:38.838" endtime="20210123 23:26:38.933"></status>
</kw>
<doc>Given To currency is an invalid currency
when From Currency is EUR
then validate the response Code as 400</doc>
<status status="PASS" starttime="20210123 23:26:38.809" endtime="20210123 23:26:38.933" critical="yes"></status>
</test>
<status status="PASS" starttime="20210123 23:26:33.876" endtime="20210123 23:26:38.935"></status>
</suite>
<status status="PASS" starttime="20210123 23:26:33.765" endtime="20210123 23:26:38.942"></status>
</suite>
<statistics>
<total>
<stat pass="7" fail="0">Critical Tests</stat>
<stat pass="7" fail="0">All Tests</stat>
</total>
<tag>
</tag>
<suite>
<stat pass="7" fail="0" id="s1" name="Arvato API Project">Arvato API Project</stat>
<stat pass="7" fail="0" id="s1-s1" name="API TestSuit">Arvato API Project.API TestSuit</stat>
</suite>
</statistics>
<errors>
<msg timestamp="20210123 23:26:34.853" level="WARN">Keyword 'RequestsLibrary.Get Request' is deprecated. Please use `GET On Session` instead.</msg>
<msg timestamp="20210123 23:26:35.350" level="WARN">Keyword 'RequestsLibrary.Get Request' is deprecated. Please use `GET On Session` instead.</msg>
<msg timestamp="20210123 23:26:36.609" level="WARN">Keyword 'RequestsLibrary.Get Request' is deprecated. Please use `GET On Session` instead.</msg>
<msg timestamp="20210123 23:26:36.875" level="WARN">Keyword 'RequestsLibrary.Get Request' is deprecated. Please use `GET On Session` instead.</msg>
<msg timestamp="20210123 23:26:36.928" level="WARN">Keyword 'RequestsLibrary.Get Request' is deprecated. Please use `GET On Session` instead.</msg>
<msg timestamp="20210123 23:26:37.405" level="WARN">Keyword 'RequestsLibrary.Get Request' is deprecated. Please use `GET On Session` instead.</msg>
<msg timestamp="20210123 23:26:37.573" level="WARN">Keyword 'RequestsLibrary.Get Request' is deprecated. Please use `GET On Session` instead.</msg>
<msg timestamp="20210123 23:26:38.030" level="WARN">Keyword 'RequestsLibrary.Get Request' is deprecated. Please use `GET On Session` instead.</msg>
<msg timestamp="20210123 23:26:38.815" level="WARN">Keyword 'RequestsLibrary.Get Request' is deprecated. Please use `GET On Session` instead.</msg>
</errors>
</robot>
